<?xml version="1.0" encoding="UTF-8"?>
<testsuites name="法定会議_臨場" time="641.995" tests="4" failures="3" errors="0">
   <testsuite name="法定会議_臨場" tests="4" failures="3" errors="0" time="641.995" skipped="0" timestamp="2022-02-16 13:48:38" hostname="jiangp01 - CXOAPC21106214.bb.local" id="Test Suites/法定会議_臨場">
      <properties>
[...]
</properties>
      <testcase name="Test Cases/JV Test Case/臨場/臨場P1" time="176.69" classname="Test Cases/JV Test Case/臨場/臨場P1" status="FAILED">
         <failure type="FAILED" message="Test Cases/JV Test Case/臨場/臨場P1 FAILED.
Reason:
com.kms.katalon.core.exception.StepFailedException: Call Test Case 'Test Cases/Common Test Cases/TaskInputDepend' failed
	at com.kms.katalon.core.keyword.builtin.CallTestCaseKeyword$_callTestCase_closure1.doCall(CallTestCaseKeyword.groovy:63)
	at com.kms.katalon.core.keyword.builtin.CallTestCaseKeyword$_callTestCase_closure1.call(CallTestCaseKeyword.groovy)
	at com.kms.katalon.core.keyword.internal.KeywordMain.runKeyword(KeywordMain.groovy:74)
	at com.kms.katalon.core.keyword.builtin.CallTestCaseKeyword.callTestCase(CallTestCaseKeyword.groovy:81)
	at com.kms.katalon.core.keyword.builtin.CallTestCaseKeyword.execute(CallTestCaseKeyword.groovy:44)
	at com.kms.katalon.core.keyword.internal.KeywordExecutor.executeKeywordForPlatform(KeywordExecutor.groovy:74)
	at com.kms.katalon.core.keyword.BuiltinKeywords.callTestCase(BuiltinKeywords.groovy:334)
	at com.jv.key.JvOpt.taskInputDepend(JvOpt.groovy:75)
	at com.jv.key.JvOpt$taskInputDepend$0.call(Unknown Source)
	at 臨場P1.run(臨場P1:42)
	at com.kms.katalon.core.main.ScriptEngine.run(ScriptEngine.java:194)
	at com.kms.katalon.core.main.ScriptEngine.runScriptAsRawText(ScriptEngine.java:119)
	at com.kms.katalon.core.main.TestCaseExecutor.runScript(TestCaseExecutor.java:442)
	at com.kms.katalon.core.main.TestCaseExecutor.doExecute(TestCaseExecutor.java:433)
	at com.kms.katalon.core.main.TestCaseExecutor.processExecutionPhase(TestCaseExecutor.java:412)
	at com.kms.katalon.core.main.TestCaseExecutor.accessMainPhase(TestCaseExecutor.java:404)
	at com.kms.katalon.core.main.TestCaseExecutor.execute(TestCaseExecutor.java:281)
	at com.kms.katalon.core.main.TestSuiteExecutor.accessTestCaseMainPhase(TestSuiteExecutor.java:202)
	at com.kms.katalon.core.main.TestSuiteExecutor.accessTestSuiteMainPhase(TestSuiteExecutor.java:164)
	at com.kms.katalon.core.main.TestSuiteExecutor.execute(TestSuiteExecutor.java:105)
	at com.kms.katalon.core.main.TestCaseMain.startTestSuite(TestCaseMain.java:185)
	at com.kms.katalon.core.main.TestCaseMain$startTestSuite$0.call(Unknown Source)
	at TempTestSuite1644986909815.run(TempTestSuite1644986909815.groovy:36)
Caused by: com.kms.katalon.core.exception.StepFailedException: Unable to click on object 'Object Repository/Page_MeetingLandDepend/calendar_hms/M_49'
	at com.kms.katalon.core.webui.keyword.internal.WebUIKeywordMain.stepFailed(WebUIKeywordMain.groovy:64)
	at com.kms.katalon.core.webui.keyword.internal.WebUIKeywordMain.runKeyword(WebUIKeywordMain.groovy:26)
	at com.kms.katalon.core.webui.keyword.builtin.EnhancedClickKeyword.click(EnhancedClickKeyword.groovy:94)
	at com.kms.katalon.core.webui.keyword.builtin.EnhancedClickKeyword.execute(EnhancedClickKeyword.groovy:42)
	at com.kms.katalon.core.keyword.internal.KeywordExecutor.executeKeywordForPlatform(KeywordExecutor.groovy:74)
	at com.kms.katalon.core.webui.keyword.WebUiBuiltInKeywords.enhancedClick(WebUiBuiltInKeywords.groovy:646)
	at com.jv.key.JvUtil.clickClickAbleAndVisibleElement(JvUtil.groovy:282)
	at com.jv.key.JvUtil$clickClickAbleAndVisibleElement$1.call(Unknown Source)
	at com.jv.key.JvOpt.ymdSet(JvOpt.groovy:212)
	at com.jv.key.JvOpt$ymdSet$5.call(Unknown Source)
	at TaskInputDepend.run(TaskInputDepend:69)
	at com.kms.katalon.core.main.ScriptEngine.run(ScriptEngine.java:194)
	at com.kms.katalon.core.main.ScriptEngine.runScriptAsRawText(ScriptEngine.java:119)
	at com.kms.katalon.core.main.TestCaseExecutor.runScript(TestCaseExecutor.java:442)
	at com.kms.katalon.core.main.TestCaseExecutor.doExecute(TestCaseExecutor.java:433)
	at com.kms.katalon.core.main.TestCaseExecutor.processExecutionPhase(TestCaseExecutor.java:412)
	at com.kms.katalon.core.main.TestCaseExecutor.accessMainPhase(TestCaseExecutor.java:404)
	at com.kms.katalon.core.main.TestCaseExecutor.execute(TestCaseExecutor.java:281)
	at com.kms.katalon.core.main.TestCaseMain.runTestCase(TestCaseMain.java:142)
	at com.kms.katalon.core.keyword.builtin.CallTestCaseKeyword$_callTestCase_closure1.doCall(CallTestCaseKeyword.groovy:59)
	... 22 more
Caused by: com.kms.katalon.core.webui.exception.WebElementNotFoundException: Web element with id: 'Object Repository/Page_MeetingLandDepend/calendar_hms/M_49' located by '//div[@data-drop-id=&quot;${G_TimeNum}&quot;]/*/div[@role=&quot;listbox&quot;]//div[text()=&quot;49&quot;]' not found
	at com.kms.katalon.core.webui.common.WebUiCommonHelper.findWebElement(WebUiCommonHelper.java:1370)
	at com.kms.katalon.core.webui.keyword.internal.WebUIAbstractKeyword.findWebElement(WebUIAbstractKeyword.groovy:27)
	at com.kms.katalon.core.webui.keyword.internal.WebUIAbstractKeyword.findWebElement(WebUIAbstractKeyword.groovy:26)
	at com.kms.katalon.core.webui.keyword.builtin.EnhancedClickKeyword$_click_closure1.doCall(EnhancedClickKeyword.groovy:66)
	at com.kms.katalon.core.webui.keyword.builtin.EnhancedClickKeyword$_click_closure1.call(EnhancedClickKeyword.groovy)
	at com.kms.katalon.core.webui.keyword.internal.WebUIKeywordMain.runKeyword(WebUIKeywordMain.groovy:20)
	... 40 more
"/>
         <system-out><![CDATA[2022-02-16 13:48:38 - [TEST_CASE][FAILED] - Test Cases/JV Test Case/臨場/臨場P1: Test Cases/JV Test Case/臨場/臨場P1 FAILED.
Reason:
com.kms.katalon.core.exception.StepFailedException: Call Test Case 'Test Cases/Common Test Cases/TaskInputDepend' failed
	at com.kms.katalon.core.keyword.builtin.CallTestCaseKeyword$_callTestCase_closure1.doCall(CallTestCaseKeyword.groovy:63)
	at com.kms.katalon.core.keyword.builtin.CallTestCaseKeyword$_callTestCase_closure1.call(CallTestCaseKeyword.groovy)
	at com.kms.katalon.core.keyword.internal.KeywordMain.runKeyword(KeywordMain.groovy:74)
	at com.kms.katalon.core.keyword.builtin.CallTestCaseKeyword.callTestCase(CallTestCaseKeyword.groovy:81)
	at com.kms.katalon.core.keyword.builtin.CallTestCaseKeyword.execute(CallTestCaseKeyword.groovy:44)
	at com.kms.katalon.core.keyword.internal.KeywordExecutor.executeKeywordForPlatform(KeywordExecutor.groovy:74)
	at com.kms.katalon.core.keyword.BuiltinKeywords.callTestCase(BuiltinKeywords.groovy:334)
	at com.jv.key.JvOpt.taskInputDepend(JvOpt.groovy:75)
	at com.jv.key.JvOpt$taskInputDepend$0.call(Unknown Source)
	at 臨場P1.run(臨場P1:42)
	at com.kms.katalon.core.main.ScriptEngine.run(ScriptEngine.java:194)
	at com.kms.katalon.core.main.ScriptEngine.runScriptAsRawText(ScriptEngine.java:119)
	at com.kms.katalon.core.main.TestCaseExecutor.runScript(TestCaseExecutor.java:442)
	at com.kms.katalon.core.main.TestCaseExecutor.doExecute(TestCaseExecutor.java:433)
	at com.kms.katalon.core.main.TestCaseExecutor.processExecutionPhase(TestCaseExecutor.java:412)
	at com.kms.katalon.core.main.TestCaseExecutor.accessMainPhase(TestCaseExecutor.java:404)
	at com.kms.katalon.core.main.TestCaseExecutor.execute(TestCaseExecutor.java:281)
	at com.kms.katalon.core.main.TestSuiteExecutor.accessTestCaseMainPhase(TestSuiteExecutor.java:202)
	at com.kms.katalon.core.main.TestSuiteExecutor.accessTestSuiteMainPhase(TestSuiteExecutor.java:164)
	at com.kms.katalon.core.main.TestSuiteExecutor.execute(TestSuiteExecutor.java:105)
	at com.kms.katalon.core.main.TestCaseMain.startTestSuite(TestCaseMain.java:185)
	at com.kms.katalon.core.main.TestCaseMain$startTestSuite$0.call(Unknown Source)
	at TempTestSuite1644986909815.run(TempTestSuite1644986909815.groovy:36)
Caused by: com.kms.katalon.core.exception.StepFailedException: Unable to click on object 'Object Repository/Page_MeetingLandDepend/calendar_hms/M_49'
	at com.kms.katalon.core.webui.keyword.internal.WebUIKeywordMain.stepFailed(WebUIKeywordMain.groovy:64)
	at com.kms.katalon.core.webui.keyword.internal.WebUIKeywordMain.runKeyword(WebUIKeywordMain.groovy:26)
	at com.kms.katalon.core.webui.keyword.builtin.EnhancedClickKeyword.click(EnhancedClickKeyword.groovy:94)
	at com.kms.katalon.core.webui.keyword.builtin.EnhancedClickKeyword.execute(EnhancedClickKeyword.groovy:42)
	at com.kms.katalon.core.keyword.internal.KeywordExecutor.executeKeywordForPlatform(KeywordExecutor.groovy:74)
	at com.kms.katalon.core.webui.keyword.WebUiBuiltInKeywords.enhancedClick(WebUiBuiltInKeywords.groovy:646)
	at com.jv.key.JvUtil.clickClickAbleAndVisibleElement(JvUtil.groovy:282)
	at com.jv.key.JvUtil$clickClickAbleAndVisibleElement$1.call(Unknown Source)
	at com.jv.key.JvOpt.ymdSet(JvOpt.groovy:212)
	at com.jv.key.JvOpt$ymdSet$5.call(Unknown Source)
	at TaskInputDepend.run(TaskInputDepend:69)
	at com.kms.katalon.core.main.ScriptEngine.run(ScriptEngine.java:194)
	at com.kms.katalon.core.main.ScriptEngine.runScriptAsRawText(ScriptEngine.java:119)
	at com.kms.katalon.core.main.TestCaseExecutor.runScript(TestCaseExecutor.java:442)
	at com.kms.katalon.core.main.TestCaseExecutor.doExecute(TestCaseExecutor.java:433)
	at com.kms.katalon.core.main.TestCaseExecutor.processExecutionPhase(TestCaseExecutor.java:412)
	at com.kms.katalon.core.main.TestCaseExecutor.accessMainPhase(TestCaseExecutor.java:404)
	at com.kms.katalon.core.main.TestCaseExecutor.execute(TestCaseExecutor.java:281)
	at com.kms.katalon.core.main.TestCaseMain.runTestCase(TestCaseMain.java:142)
	at com.kms.katalon.core.keyword.builtin.CallTestCaseKeyword$_callTestCase_closure1.doCall(CallTestCaseKeyword.groovy:59)
	... 22 more
Caused by: com.kms.katalon.core.webui.exception.WebElementNotFoundException: Web element with id: 'Object Repository/Page_MeetingLandDepend/calendar_hms/M_49' located by '//div[@data-drop-id="${G_TimeNum}"]/*/div[@role="listbox"]//div[text()="49"]' not found
	at com.kms.katalon.core.webui.common.WebUiCommonHelper.findWebElement(WebUiCommonHelper.java:1370)
	at com.kms.katalon.core.webui.keyword.internal.WebUIAbstractKeyword.findWebElement(WebUIAbstractKeyword.groovy:27)
	at com.kms.katalon.core.webui.keyword.internal.WebUIAbstractKeyword.findWebElement(WebUIAbstractKeyword.groovy:26)
	at com.kms.katalon.core.webui.keyword.builtin.EnhancedClickKeyword$_click_closure1.doCall(EnhancedClickKeyword.groovy:66)
	at com.kms.katalon.core.webui.keyword.builtin.EnhancedClickKeyword$_click_closure1.call(EnhancedClickKeyword.groovy)
	at com.kms.katalon.core.webui.keyword.internal.WebUIKeywordMain.runKeyword(WebUIKeywordMain.groovy:20)
	... 40 more


2022-02-16 13:48:38 - [TEST_STEP][PASSED] - Start listener action : sampleBeforeTestCase: null

2022-02-16 13:48:38 - [TEST_STEP][PASSED] - println(testCaseContext.getMessage()): null

2022-02-16 13:48:39 - [TEST_STEP][PASSED] - println("this is loginListener Before"): null

2022-02-16 13:48:39 - [TEST_STEP][PASSED] - println(testCaseContext.getTestCaseId()): null

2022-02-16 13:48:39 - [TEST_STEP][PASSED] - println(testCaseContext.getTestCaseVariables()): null

2022-02-16 13:48:39 - [TEST_STEP][PASSED] - Start listener action : sampleBeforeTestCase: null

2022-02-16 13:48:39 - [TEST_STEP][PASSED] - println("this is NewTestListener Before"): null

2022-02-16 13:48:39 - [TEST_STEP][PASSED] - println(testCaseContext.getTestCaseId()): null

2022-02-16 13:48:39 - [TEST_STEP][PASSED] - println(testCaseContext.getTestCaseVariables()): null

2022-02-16 13:48:40 - [TEST_STEP][PASSED] - CaseNumber = "P1": null

2022-02-16 13:48:40 - [TEST_STEP][PASSED] - JvLOpt.log(CaseNumber, C_起動): 自動化テスト：法定会議システム　臨場P1 起動

2022-02-16 13:48:40 - [MESSAGE][INFO] - 自動化テスト：法定会議システム　臨場P1 起動

2022-02-16 13:48:40 - [TEST_STEP][PASSED] - JvOpt.accountLogin(): Call Test Case 'Test Cases/Common Test Cases/AccountLogin' successfully

2022-02-16 13:48:40 - [TEST_CASE][PASSED] - Test Cases/Common Test Cases/AccountLogin: Test Cases/Common Test Cases/AccountLogin

2022-02-16 13:48:42 - [TEST_STEP][PASSED] - openBrowser(G_BaseUrl): Browser is opened with url: 'https://apps.powerapps.com/play/b1044a94-3fb8-4b9c-9054-8cd00345c66f?tenantId=77f01359-2ed0-488e-99a7-34baddce1d0e'

2022-02-16 13:48:43 - [MESSAGE][INFO] - Starting 'Chrome (headless)' driver

2022-02-16 13:48:43 - [MESSAGE][INFO] - Action delay is set to 0 milliseconds

2022-02-16 13:48:51 - [MESSAGE][PASSED] - Browser is opened with url: 'https://apps.powerapps.com/play/b1044a94-3fb8-4b9c-9054-8cd00345c66f?tenantId=77f01359-2ed0-488e-99a7-34baddce1d0e'

2022-02-16 13:48:51 - [TEST_STEP][PASSED] - maximizeWindow(): Current window maximized

2022-02-16 13:48:52 - [MESSAGE][PASSED] - Current window maximized

2022-02-16 13:48:52 - [TEST_STEP][PASSED] - setText(findTestObject("AccountLogin/Page_/input__loginfmt"), Username): Text 'DEV01J01@c.bocb.jp' is set on object 'Object Repository/AccountLogin/Page_/input__loginfmt'

2022-02-16 13:48:53 - [MESSAGE][PASSED] - Text 'DEV01J01@c.bocb.jp' is set on object 'Object Repository/AccountLogin/Page_/input__loginfmt'

2022-02-16 13:48:53 - [TEST_STEP][PASSED] - click(findTestObject("AccountLogin/Page_/input__idSIButton9")): Object: 'Object Repository/AccountLogin/Page_/input__idSIButton9' is clicked on

2022-02-16 13:48:54 - [MESSAGE][PASSED] - Object: 'Object Repository/AccountLogin/Page_/input__idSIButton9' is clicked on

2022-02-16 13:48:54 - [TEST_STEP][PASSED] - click(findTestObject("AccountLogin/Page_- Online Service Gate/section_OSG")): Object: 'Object Repository/AccountLogin/Page_- Online Service Gate/section_OSG' is clicked on

2022-02-16 13:48:58 - [MESSAGE][PASSED] - Object: 'Object Repository/AccountLogin/Page_- Online Service Gate/section_OSG' is clicked on

2022-02-16 13:48:58 - [TEST_STEP][PASSED] - setText(findTestObject("AccountLogin/Page_- Online Service Gate/input__Upn"), Username): Text 'DEV01J01@c.bocb.jp' is set on object 'Object Repository/AccountLogin/Page_- Online Service Gate/input__Upn'

2022-02-16 13:48:58 - [MESSAGE][PASSED] - Text 'DEV01J01@c.bocb.jp' is set on object 'Object Repository/AccountLogin/Page_- Online Service Gate/input__Upn'

2022-02-16 13:48:58 - [TEST_STEP][PASSED] - click(findTestObject("AccountLogin/Page_- Online Service Gate/html_- Online Service Gate")): Object: 'Object Repository/AccountLogin/Page_- Online Service Gate/html_- Online Service Gate' is clicked on

2022-02-16 13:48:58 - [MESSAGE][PASSED] - Object: 'Object Repository/AccountLogin/Page_- Online Service Gate/html_- Online Service Gate' is clicked on

2022-02-16 13:48:58 - [TEST_STEP][PASSED] - setEncryptedText(findTestObject("AccountLogin/Page_- Online Service Gate/input__UpnPassword"), Password): Text ****** has been set on object 'Object Repository/AccountLogin/Page_- Online Service Gate/input__UpnPassword'

2022-02-16 13:48:59 - [MESSAGE][PASSED] - Text ****** has been set on object 'Object Repository/AccountLogin/Page_- Online Service Gate/input__UpnPassword'

2022-02-16 13:48:59 - [TEST_STEP][PASSED] - click(findTestObject("AccountLogin/Page_- Online Service Gate/input__mailSignIn")): Object: 'Object Repository/AccountLogin/Page_- Online Service Gate/input__mailSignIn' is clicked on

2022-02-16 13:49:01 - [MESSAGE][PASSED] - Object: 'Object Repository/AccountLogin/Page_- Online Service Gate/input__mailSignIn' is clicked on

2022-02-16 13:49:01 - [TEST_STEP][PASSED] - click(findTestObject("AccountLogin/Page_/input__DontShowAgain")): Object: 'Object Repository/AccountLogin/Page_/input__DontShowAgain' is clicked on

2022-02-16 13:49:01 - [MESSAGE][PASSED] - Object: 'Object Repository/AccountLogin/Page_/input__DontShowAgain' is clicked on

2022-02-16 13:49:01 - [TEST_STEP][PASSED] - click(findTestObject("AccountLogin/Page_/input__idSIButton9")): Object: 'Object Repository/AccountLogin/Page_/input__idSIButton9' is clicked on

2022-02-16 13:49:03 - [MESSAGE][PASSED] - Object: 'Object Repository/AccountLogin/Page_/input__idSIButton9' is clicked on

2022-02-16 13:49:03 - [MESSAGE][PASSED] - Call Test Case 'Test Cases/Common Test Cases/AccountLogin' successfully

2022-02-16 13:49:03 - [TEST_STEP][FAILED] - JvOpt.taskInputDepend(C_臨場): Unable to call Test Case 'Test Cases/Common Test Cases/TaskInputDepend' (Root cause: com.kms.katalon.core.exception.StepFailedException: Call Test Case 'Test Cases/Common Test Cases/TaskInputDepend' failed
	at com.kms.katalon.core.keyword.builtin.CallTestCaseKeyword$_callTestCase_closure1.doCall(CallTestCaseKeyword.groovy:63)
	at com.kms.katalon.core.keyword.builtin.CallTestCaseKeyword$_callTestCase_closure1.call(CallTestCaseKeyword.groovy)
	at com.kms.katalon.core.keyword.internal.KeywordMain.runKeyword(KeywordMain.groovy:74)
	at com.kms.katalon.core.keyword.builtin.CallTestCaseKeyword.callTestCase(CallTestCaseKeyword.groovy:81)
	at com.kms.katalon.core.keyword.builtin.CallTestCaseKeyword.execute(CallTestCaseKeyword.groovy:44)
	at com.kms.katalon.core.keyword.internal.KeywordExecutor.executeKeywordForPlatform(KeywordExecutor.groovy:74)
	at com.kms.katalon.core.keyword.BuiltinKeywords.callTestCase(BuiltinKeywords.groovy:334)
	at com.jv.key.JvOpt.taskInputDepend(JvOpt.groovy:75)
	at com.jv.key.JvOpt$taskInputDepend$0.call(Unknown Source)
	at 臨場P1.run(臨場P1:42)
	at com.kms.katalon.core.main.ScriptEngine.run(ScriptEngine.java:194)
	at com.kms.katalon.core.main.ScriptEngine.runScriptAsRawText(ScriptEngine.java:119)
	at com.kms.katalon.core.main.TestCaseExecutor.runScript(TestCaseExecutor.java:442)
	at com.kms.katalon.core.main.TestCaseExecutor.doExecute(TestCaseExecutor.java:433)
	at com.kms.katalon.core.main.TestCaseExecutor.processExecutionPhase(TestCaseExecutor.java:412)
	at com.kms.katalon.core.main.TestCaseExecutor.accessMainPhase(TestCaseExecutor.java:404)
	at com.kms.katalon.core.main.TestCaseExecutor.execute(TestCaseExecutor.java:281)
	at com.kms.katalon.core.main.TestSuiteExecutor.accessTestCaseMainPhase(TestSuiteExecutor.java:202)
	at com.kms.katalon.core.main.TestSuiteExecutor.accessTestSuiteMainPhase(TestSuiteExecutor.java:164)
	at com.kms.katalon.core.main.TestSuiteExecutor.execute(TestSuiteExecutor.java:105)
	at com.kms.katalon.core.main.TestCaseMain.startTestSuite(TestCaseMain.java:185)
	at com.kms.katalon.core.main.TestCaseMain$startTestSuite$0.call(Unknown Source)
	at TempTestSuite1644986909815.run(TempTestSuite1644986909815.groovy:36)
Caused by: com.kms.katalon.core.exception.StepFailedException: Unable to click on object 'Object Repository/Page_MeetingLandDepend/calendar_hms/M_49'
	at com.kms.katalon.core.webui.keyword.internal.WebUIKeywordMain.stepFailed(WebUIKeywordMain.groovy:64)
	at com.kms.katalon.core.webui.keyword.internal.WebUIKeywordMain.runKeyword(WebUIKeywordMain.groovy:26)
	at com.kms.katalon.core.webui.keyword.builtin.EnhancedClickKeyword.click(EnhancedClickKeyword.groovy:94)
	at com.kms.katalon.core.webui.keyword.builtin.EnhancedClickKeyword.execute(EnhancedClickKeyword.groovy:42)
	at com.kms.katalon.core.keyword.internal.KeywordExecutor.executeKeywordForPlatform(KeywordExecutor.groovy:74)
	at com.kms.katalon.core.webui.keyword.WebUiBuiltInKeywords.enhancedClick(WebUiBuiltInKeywords.groovy:646)
	at com.jv.key.JvUtil.clickClickAbleAndVisibleElement(JvUtil.groovy:282)
	at com.jv.key.JvUtil$clickClickAbleAndVisibleElement$1.call(Unknown Source)
	at com.jv.key.JvOpt.ymdSet(JvOpt.groovy:212)
	at com.jv.key.JvOpt$ymdSet$5.call(Unknown Source)
	at TaskInputDepend.run(TaskInputDepend:69)
	at com.kms.katalon.core.main.ScriptEngine.run(ScriptEngine.java:194)
	at com.kms.katalon.core.main.ScriptEngine.runScriptAsRawText(ScriptEngine.java:119)
	at com.kms.katalon.core.main.TestCaseExecutor.runScript(TestCaseExecutor.java:442)
	at com.kms.katalon.core.main.TestCaseExecutor.doExecute(TestCaseExecutor.java:433)
	at com.kms.katalon.core.main.TestCaseExecutor.processExecutionPhase(TestCaseExecutor.java:412)
	at com.kms.katalon.core.main.TestCaseExecutor.accessMainPhase(TestCaseExecutor.java:404)
	at com.kms.katalon.core.main.TestCaseExecutor.execute(TestCaseExecutor.java:281)
	at com.kms.katalon.core.main.TestCaseMain.runTestCase(TestCaseMain.java:142)
	at com.kms.katalon.core.keyword.builtin.CallTestCaseKeyword$_callTestCase_closure1.doCall(CallTestCaseKeyword.groovy:59)
	... 22 more
Caused by: com.kms.katalon.core.webui.exception.WebElementNotFoundException: Web element with id: 'Object Repository/Page_MeetingLandDepend/calendar_hms/M_49' located by '//div[@data-drop-id="${G_TimeNum}"]/*/div[@role="listbox"]//div[text()="49"]' not found
	at com.kms.katalon.core.webui.common.WebUiCommonHelper.findWebElement(WebUiCommonHelper.java:1370)
	at com.kms.katalon.core.webui.keyword.internal.WebUIAbstractKeyword.findWebElement(WebUIAbstractKeyword.groovy:27)
	at com.kms.katalon.core.webui.keyword.internal.WebUIAbstractKeyword.findWebElement(WebUIAbstractKeyword.groovy:26)
	at com.kms.katalon.core.webui.keyword.builtin.EnhancedClickKeyword$_click_closure1.doCall(EnhancedClickKeyword.groovy:66)
	at com.kms.katalon.core.webui.keyword.builtin.EnhancedClickKeyword$_click_closure1.call(EnhancedClickKeyword.groovy)
	at com.kms.katalon.core.webui.keyword.internal.WebUIKeywordMain.runKeyword(WebUIKeywordMain.groovy:20)
	... 40 more
)

2022-02-16 13:49:03 - [TEST_CASE][FAILED] - Test Cases/Common Test Cases/TaskInputDepend: Test Cases/Common Test Cases/TaskInputDepend FAILED.
Reason:
com.kms.katalon.core.exception.StepFailedException: Unable to click on object 'Object Repository/Page_MeetingLandDepend/calendar_hms/M_49'
	at com.kms.katalon.core.webui.keyword.internal.WebUIKeywordMain.stepFailed(WebUIKeywordMain.groovy:64)
	at com.kms.katalon.core.webui.keyword.internal.WebUIKeywordMain.runKeyword(WebUIKeywordMain.groovy:26)
	at com.kms.katalon.core.webui.keyword.builtin.EnhancedClickKeyword.click(EnhancedClickKeyword.groovy:94)
	at com.kms.katalon.core.webui.keyword.builtin.EnhancedClickKeyword.execute(EnhancedClickKeyword.groovy:42)
	at com.kms.katalon.core.keyword.internal.KeywordExecutor.executeKeywordForPlatform(KeywordExecutor.groovy:74)
	at com.kms.katalon.core.webui.keyword.WebUiBuiltInKeywords.enhancedClick(WebUiBuiltInKeywords.groovy:646)
	at com.jv.key.JvUtil.clickClickAbleAndVisibleElement(JvUtil.groovy:282)
	at com.jv.key.JvUtil$clickClickAbleAndVisibleElement$1.call(Unknown Source)
	at com.jv.key.JvOpt.ymdSet(JvOpt.groovy:212)
	at com.jv.key.JvOpt$ymdSet$5.call(Unknown Source)
	at TaskInputDepend.run(TaskInputDepend:69)
	at com.kms.katalon.core.main.ScriptEngine.run(ScriptEngine.java:194)
	at com.kms.katalon.core.main.ScriptEngine.runScriptAsRawText(ScriptEngine.java:119)
	at com.kms.katalon.core.main.TestCaseExecutor.runScript(TestCaseExecutor.java:442)
	at com.kms.katalon.core.main.TestCaseExecutor.doExecute(TestCaseExecutor.java:433)
	at com.kms.katalon.core.main.TestCaseExecutor.processExecutionPhase(TestCaseExecutor.java:412)
	at com.kms.katalon.core.main.TestCaseExecutor.accessMainPhase(TestCaseExecutor.java:404)
	at com.kms.katalon.core.main.TestCaseExecutor.execute(TestCaseExecutor.java:281)
	at com.kms.katalon.core.main.TestCaseMain.runTestCase(TestCaseMain.java:142)
	at com.kms.katalon.core.keyword.builtin.CallTestCaseKeyword$_callTestCase_closure1.doCall(CallTestCaseKeyword.groovy:59)
	at com.kms.katalon.core.keyword.builtin.CallTestCaseKeyword$_callTestCase_closure1.call(CallTestCaseKeyword.groovy)
	at com.kms.katalon.core.keyword.internal.KeywordMain.runKeyword(KeywordMain.groovy:74)
	at com.kms.katalon.core.keyword.builtin.CallTestCaseKeyword.callTestCase(CallTestCaseKeyword.groovy:81)
	at com.kms.katalon.core.keyword.builtin.CallTestCaseKeyword.execute(CallTestCaseKeyword.groovy:44)
	at com.kms.katalon.core.keyword.internal.KeywordExecutor.executeKeywordForPlatform(KeywordExecutor.groovy:74)
	at com.kms.katalon.core.keyword.BuiltinKeywords.callTestCase(BuiltinKeywords.groovy:334)
	at com.jv.key.JvOpt.taskInputDepend(JvOpt.groovy:75)
	at com.jv.key.JvOpt$taskInputDepend$0.call(Unknown Source)
	at 臨場P1.run(臨場P1:42)
	at com.kms.katalon.core.main.ScriptEngine.run(ScriptEngine.java:194)
	at com.kms.katalon.core.main.ScriptEngine.runScriptAsRawText(ScriptEngine.java:119)
	at com.kms.katalon.core.main.TestCaseExecutor.runScript(TestCaseExecutor.java:442)
	at com.kms.katalon.core.main.TestCaseExecutor.doExecute(TestCaseExecutor.java:433)
	at com.kms.katalon.core.main.TestCaseExecutor.processExecutionPhase(TestCaseExecutor.java:412)
	at com.kms.katalon.core.main.TestCaseExecutor.accessMainPhase(TestCaseExecutor.java:404)
	at com.kms.katalon.core.main.TestCaseExecutor.execute(TestCaseExecutor.java:281)
	at com.kms.katalon.core.main.TestSuiteExecutor.accessTestCaseMainPhase(TestSuiteExecutor.java:202)
	at com.kms.katalon.core.main.TestSuiteExecutor.accessTestSuiteMainPhase(TestSuiteExecutor.java:164)
	at com.kms.katalon.core.main.TestSuiteExecutor.execute(TestSuiteExecutor.java:105)
	at com.kms.katalon.core.main.TestCaseMain.startTestSuite(TestCaseMain.java:185)
	at com.kms.katalon.core.main.TestCaseMain$startTestSuite$0.call(Unknown Source)
	at TempTestSuite1644986909815.run(TempTestSuite1644986909815.groovy:36)
Caused by: com.kms.katalon.core.webui.exception.WebElementNotFoundException: Web element with id: 'Object Repository/Page_MeetingLandDepend/calendar_hms/M_49' located by '//div[@data-drop-id="${G_TimeNum}"]/*/div[@role="listbox"]//div[text()="49"]' not found
	at com.kms.katalon.core.webui.common.WebUiCommonHelper.findWebElement(WebUiCommonHelper.java:1370)
	at com.kms.katalon.core.webui.keyword.internal.WebUIAbstractKeyword.findWebElement(WebUIAbstractKeyword.groovy:27)
	at com.kms.katalon.core.webui.keyword.internal.WebUIAbstractKeyword.findWebElement(WebUIAbstractKeyword.groovy:26)
	at com.kms.katalon.core.webui.keyword.builtin.EnhancedClickKeyword$_click_closure1.doCall(EnhancedClickKeyword.groovy:66)
	at com.kms.katalon.core.webui.keyword.builtin.EnhancedClickKeyword$_click_closure1.call(EnhancedClickKeyword.groovy)
	at com.kms.katalon.core.webui.keyword.internal.WebUIKeywordMain.runKeyword(WebUIKeywordMain.groovy:20)
	... 40 more


2022-02-16 13:49:05 - [TEST_STEP][PASSED] - comment("議題登録依頼画面  起動"): 議題登録依頼画面  起動

2022-02-16 13:49:05 - [MESSAGE][INFO] - 議題登録依頼画面  起動

2022-02-16 13:49:05 - [TEST_STEP][PASSED] - sdata = JvUtil.getSData(): null

2022-02-16 13:49:06 - [TEST_STEP][PASSED] - binding = new groovy.lang.Binding(sdata): null

2022-02-16 13:49:06 - [TEST_STEP][PASSED] - GlobalVariable.putAt("sData", binding): null

2022-02-16 13:49:06 - [TEST_STEP][PASSED] - if (!(com.jv.key.JvDate.WebDriverCheck())): com.jv.key.JvDate.WebDriverCheck is PASSED

2022-02-16 13:49:06 - [MESSAGE][INFO] - WebDriverCheck

2022-02-16 13:49:06 - [MESSAGE][PASSED] - com.jv.key.JvDate.WebDriverCheck is PASSED

2022-02-16 13:49:06 - [TEST_STEP][PASSED] - JvUtil.clickElement("Page_Top/company01", C_可点击): 元素がクリックされました。

2022-02-16 13:49:10 - [MESSAGE][PASSED] - Object 'Object Repository/Page_Top/company01' is clickable

2022-02-16 13:49:10 - [MESSAGE][INFO] - 元素確認の結果　　Clickable　

2022-02-16 13:49:13 - [MESSAGE][PASSED] - Object: 'Object Repository/Page_Top/company01' is clicked on

2022-02-16 13:49:13 - [MESSAGE][INFO] - 元素がクリックされました。

2022-02-16 13:49:13 - [TEST_STEP][PASSED] - comment("議題登録依頼画面へ遷移"): 議題登録依頼画面へ遷移

2022-02-16 13:49:13 - [MESSAGE][INFO] - 議題登録依頼画面へ遷移

2022-02-16 13:49:13 - [TEST_STEP][PASSED] - JvOpt.pageForward(C_議題登録依頼): 元素がクリックされました。

2022-02-16 13:49:15 - [MESSAGE][PASSED] - Object 'Object Repository/Page_MeetingList/btn_MeetingLandDepend' is visible

2022-02-16 13:49:17 - [MESSAGE][PASSED] - Object 'Object Repository/Page_MeetingList/btn_MeetingLandDepend' is clickable

2022-02-16 13:49:17 - [MESSAGE][INFO] - 元素確認の結果　　Visibled　　Clickable　

2022-02-16 13:49:17 - [MESSAGE][PASSED] - Object: 'Object Repository/Page_MeetingList/btn_MeetingLandDepend' is clicked on

2022-02-16 13:49:17 - [MESSAGE][INFO] - 元素がクリックされました。

2022-02-16 13:49:17 - [TEST_STEP][PASSED] - meetname = "": null

2022-02-16 13:49:17 - [TEST_STEP][FAILED] - switch (MeetType): Unable to click on object 'Object Repository/Page_MeetingLandDepend/calendar_hms/M_49' (Root cause: com.kms.katalon.core.exception.StepFailedException: Unable to click on object 'Object Repository/Page_MeetingLandDepend/calendar_hms/M_49'
	at com.kms.katalon.core.webui.keyword.internal.WebUIKeywordMain.stepFailed(WebUIKeywordMain.groovy:64)
	at com.kms.katalon.core.webui.keyword.internal.WebUIKeywordMain.runKeyword(WebUIKeywordMain.groovy:26)
	at com.kms.katalon.core.webui.keyword.builtin.EnhancedClickKeyword.click(EnhancedClickKeyword.groovy:94)
	at com.kms.katalon.core.webui.keyword.builtin.EnhancedClickKeyword.execute(EnhancedClickKeyword.groovy:42)
	at com.kms.katalon.core.keyword.internal.KeywordExecutor.executeKeywordForPlatform(KeywordExecutor.groovy:74)
	at com.kms.katalon.core.webui.keyword.WebUiBuiltInKeywords.enhancedClick(WebUiBuiltInKeywords.groovy:646)
	at com.jv.key.JvUtil.clickClickAbleAndVisibleElement(JvUtil.groovy:282)
	at com.jv.key.JvUtil$clickClickAbleAndVisibleElement$1.call(Unknown Source)
	at com.jv.key.JvOpt.ymdSet(JvOpt.groovy:212)
	at com.jv.key.JvOpt$ymdSet$5.call(Unknown Source)
	at TaskInputDepend.run(TaskInputDepend:69)
	at com.kms.katalon.core.main.ScriptEngine.run(ScriptEngine.java:194)
	at com.kms.katalon.core.main.ScriptEngine.runScriptAsRawText(ScriptEngine.java:119)
	at com.kms.katalon.core.main.TestCaseExecutor.runScript(TestCaseExecutor.java:442)
	at com.kms.katalon.core.main.TestCaseExecutor.doExecute(TestCaseExecutor.java:433)
	at com.kms.katalon.core.main.TestCaseExecutor.processExecutionPhase(TestCaseExecutor.java:412)
	at com.kms.katalon.core.main.TestCaseExecutor.accessMainPhase(TestCaseExecutor.java:404)
	at com.kms.katalon.core.main.TestCaseExecutor.execute(TestCaseExecutor.java:281)
	at com.kms.katalon.core.main.TestCaseMain.runTestCase(TestCaseMain.java:142)
	at com.kms.katalon.core.keyword.builtin.CallTestCaseKeyword$_callTestCase_closure1.doCall(CallTestCaseKeyword.groovy:59)
	at com.kms.katalon.core.keyword.builtin.CallTestCaseKeyword$_callTestCase_closure1.call(CallTestCaseKeyword.groovy)
	at com.kms.katalon.core.keyword.internal.KeywordMain.runKeyword(KeywordMain.groovy:74)
	at com.kms.katalon.core.keyword.builtin.CallTestCaseKeyword.callTestCase(CallTestCaseKeyword.groovy:81)
	at com.kms.katalon.core.keyword.builtin.CallTestCaseKeyword.execute(CallTestCaseKeyword.groovy:44)
	at com.kms.katalon.core.keyword.internal.KeywordExecutor.executeKeywordForPlatform(KeywordExecutor.groovy:74)
	at com.kms.katalon.core.keyword.BuiltinKeywords.callTestCase(BuiltinKeywords.groovy:334)
	at com.jv.key.JvOpt.taskInputDepend(JvOpt.groovy:75)
	at com.jv.key.JvOpt$taskInputDepend$0.call(Unknown Source)
	at 臨場P1.run(臨場P1:42)
	at com.kms.katalon.core.main.ScriptEngine.run(ScriptEngine.java:194)
	at com.kms.katalon.core.main.ScriptEngine.runScriptAsRawText(ScriptEngine.java:119)
	at com.kms.katalon.core.main.TestCaseExecutor.runScript(TestCaseExecutor.java:442)
	at com.kms.katalon.core.main.TestCaseExecutor.doExecute(TestCaseExecutor.java:433)
	at com.kms.katalon.core.main.TestCaseExecutor.processExecutionPhase(TestCaseExecutor.java:412)
	at com.kms.katalon.core.main.TestCaseExecutor.accessMainPhase(TestCaseExecutor.java:404)
	at com.kms.katalon.core.main.TestCaseExecutor.execute(TestCaseExecutor.java:281)
	at com.kms.katalon.core.main.TestSuiteExecutor.accessTestCaseMainPhase(TestSuiteExecutor.java:202)
	at com.kms.katalon.core.main.TestSuiteExecutor.accessTestSuiteMainPhase(TestSuiteExecutor.java:164)
	at com.kms.katalon.core.main.TestSuiteExecutor.execute(TestSuiteExecutor.java:105)
	at com.kms.katalon.core.main.TestCaseMain.startTestSuite(TestCaseMain.java:185)
	at com.kms.katalon.core.main.TestCaseMain$startTestSuite$0.call(Unknown Source)
	at TempTestSuite1644986909815.run(TempTestSuite1644986909815.groovy:36)
Caused by: com.kms.katalon.core.webui.exception.WebElementNotFoundException: Web element with id: 'Object Repository/Page_MeetingLandDepend/calendar_hms/M_49' located by '//div[@data-drop-id="${G_TimeNum}"]/*/div[@role="listbox"]//div[text()="49"]' not found
	at com.kms.katalon.core.webui.common.WebUiCommonHelper.findWebElement(WebUiCommonHelper.java:1370)
	at com.kms.katalon.core.webui.keyword.internal.WebUIAbstractKeyword.findWebElement(WebUIAbstractKeyword.groovy:27)
	at com.kms.katalon.core.webui.keyword.internal.WebUIAbstractKeyword.findWebElement(WebUIAbstractKeyword.groovy:26)
	at com.kms.katalon.core.webui.keyword.builtin.EnhancedClickKeyword$_click_closure1.doCall(EnhancedClickKeyword.groovy:66)
	at com.kms.katalon.core.webui.keyword.builtin.EnhancedClickKeyword$_click_closure1.call(EnhancedClickKeyword.groovy)
	at com.kms.katalon.core.webui.keyword.internal.WebUIKeywordMain.runKeyword(WebUIKeywordMain.groovy:20)
	at com.kms.katalon.core.webui.keyword.builtin.EnhancedClickKeyword.click(EnhancedClickKeyword.groovy:94)
	at com.kms.katalon.core.webui.keyword.builtin.EnhancedClickKeyword.execute(EnhancedClickKeyword.groovy:42)
	at com.kms.katalon.core.keyword.internal.KeywordExecutor.executeKeywordForPlatform(KeywordExecutor.groovy:74)
	at com.kms.katalon.core.webui.keyword.WebUiBuiltInKeywords.enhancedClick(WebUiBuiltInKeywords.groovy:646)
	at com.jv.key.JvUtil.clickClickAbleAndVisibleElement(JvUtil.groovy:282)
	at com.jv.key.JvUtil$clickClickAbleAndVisibleElement$1.call(Unknown Source)
	at com.jv.key.JvOpt.ymdSet(JvOpt.groovy:212)
	at com.jv.key.JvOpt$ymdSet$5.call(Unknown Source)
	at Script1640147865029.run(Script1640147865029.groovy:69)
	at com.kms.katalon.core.main.ScriptEngine.run(ScriptEngine.java:194)
	at com.kms.katalon.core.main.ScriptEngine.runScriptAsRawText(ScriptEngine.java:119)
	at com.kms.katalon.core.main.TestCaseExecutor.runScript(TestCaseExecutor.java:442)
	at com.kms.katalon.core.main.TestCaseExecutor.doExecute(TestCaseExecutor.java:433)
	at com.kms.katalon.core.main.TestCaseExecutor.processExecutionPhase(TestCaseExecutor.java:412)
	at com.kms.katalon.core.main.TestCaseExecutor.accessMainPhase(TestCaseExecutor.java:404)
	at com.kms.katalon.core.main.TestCaseExecutor.execute(TestCaseExecutor.java:281)
	at com.kms.katalon.core.main.TestCaseMain.runTestCase(TestCaseMain.java:142)
	at com.kms.katalon.core.keyword.builtin.CallTestCaseKeyword$_callTestCase_closure1.doCall(CallTestCaseKeyword.groovy:59)
	at com.kms.katalon.core.keyword.builtin.CallTestCaseKeyword$_callTestCase_closure1.call(CallTestCaseKeyword.groovy)
	at com.kms.katalon.core.keyword.internal.KeywordMain.runKeyword(KeywordMain.groovy:74)
	at com.kms.katalon.core.keyword.builtin.CallTestCaseKeyword.callTestCase(CallTestCaseKeyword.groovy:81)
	at com.kms.katalon.core.keyword.builtin.CallTestCaseKeyword.execute(CallTestCaseKeyword.groovy:44)
	at com.kms.katalon.core.keyword.internal.KeywordExecutor.executeKeywordForPlatform(KeywordExecutor.groovy:74)
	at com.kms.katalon.core.keyword.BuiltinKeywords.callTestCase(BuiltinKeywords.groovy:334)
	at com.jv.key.JvOpt.taskInputDepend(JvOpt.groovy:75)
	at com.jv.key.JvOpt$taskInputDepend$0.call(Unknown Source)
	at Script1643076744789.run(Script1643076744789.groovy:42)
	... 13 more
)

2022-02-16 13:49:17 - [TEST_STEP][FAILED] - case "1":: Unable to click on object 'Object Repository/Page_MeetingLandDepend/calendar_hms/M_49' (Root cause: com.kms.katalon.core.exception.StepFailedException: Unable to click on object 'Object Repository/Page_MeetingLandDepend/calendar_hms/M_49'
	at com.kms.katalon.core.webui.keyword.internal.WebUIKeywordMain.stepFailed(WebUIKeywordMain.groovy:64)
	at com.kms.katalon.core.webui.keyword.internal.WebUIKeywordMain.runKeyword(WebUIKeywordMain.groovy:26)
	at com.kms.katalon.core.webui.keyword.builtin.EnhancedClickKeyword.click(EnhancedClickKeyword.groovy:94)
	at com.kms.katalon.core.webui.keyword.builtin.EnhancedClickKeyword.execute(EnhancedClickKeyword.groovy:42)
	at com.kms.katalon.core.keyword.internal.KeywordExecutor.executeKeywordForPlatform(KeywordExecutor.groovy:74)
	at com.kms.katalon.core.webui.keyword.WebUiBuiltInKeywords.enhancedClick(WebUiBuiltInKeywords.groovy:646)
	at com.jv.key.JvUtil.clickClickAbleAndVisibleElement(JvUtil.groovy:282)
	at com.jv.key.JvUtil$clickClickAbleAndVisibleElement$1.call(Unknown Source)
	at com.jv.key.JvOpt.ymdSet(JvOpt.groovy:212)
	at com.jv.key.JvOpt$ymdSet$5.call(Unknown Source)
	at TaskInputDepend.run(TaskInputDepend:69)
	at com.kms.katalon.core.main.ScriptEngine.run(ScriptEngine.java:194)
	at com.kms.katalon.core.main.ScriptEngine.runScriptAsRawText(ScriptEngine.java:119)
	at com.kms.katalon.core.main.TestCaseExecutor.runScript(TestCaseExecutor.java:442)
	at com.kms.katalon.core.main.TestCaseExecutor.doExecute(TestCaseExecutor.java:433)
	at com.kms.katalon.core.main.TestCaseExecutor.processExecutionPhase(TestCaseExecutor.java:412)
	at com.kms.katalon.core.main.TestCaseExecutor.accessMainPhase(TestCaseExecutor.java:404)
	at com.kms.katalon.core.main.TestCaseExecutor.execute(TestCaseExecutor.java:281)
	at com.kms.katalon.core.main.TestCaseMain.runTestCase(TestCaseMain.java:142)
	at com.kms.katalon.core.keyword.builtin.CallTestCaseKeyword$_callTestCase_closure1.doCall(CallTestCaseKeyword.groovy:59)
	at com.kms.katalon.core.keyword.builtin.CallTestCaseKeyword$_callTestCase_closure1.call(CallTestCaseKeyword.groovy)
	at com.kms.katalon.core.keyword.internal.KeywordMain.runKeyword(KeywordMain.groovy:74)
	at com.kms.katalon.core.keyword.builtin.CallTestCaseKeyword.callTestCase(CallTestCaseKeyword.groovy:81)
	at com.kms.katalon.core.keyword.builtin.CallTestCaseKeyword.execute(CallTestCaseKeyword.groovy:44)
	at com.kms.katalon.core.keyword.internal.KeywordExecutor.executeKeywordForPlatform(KeywordExecutor.groovy:74)
	at com.kms.katalon.core.keyword.BuiltinKeywords.callTestCase(BuiltinKeywords.groovy:334)
	at com.jv.key.JvOpt.taskInputDepend(JvOpt.groovy:75)
	at com.jv.key.JvOpt$taskInputDepend$0.call(Unknown Source)
	at 臨場P1.run(臨場P1:42)
	at com.kms.katalon.core.main.ScriptEngine.run(ScriptEngine.java:194)
	at com.kms.katalon.core.main.ScriptEngine.runScriptAsRawText(ScriptEngine.java:119)
	at com.kms.katalon.core.main.TestCaseExecutor.runScript(TestCaseExecutor.java:442)
	at com.kms.katalon.core.main.TestCaseExecutor.doExecute(TestCaseExecutor.java:433)
	at com.kms.katalon.core.main.TestCaseExecutor.processExecutionPhase(TestCaseExecutor.java:412)
	at com.kms.katalon.core.main.TestCaseExecutor.accessMainPhase(TestCaseExecutor.java:404)
	at com.kms.katalon.core.main.TestCaseExecutor.execute(TestCaseExecutor.java:281)
	at com.kms.katalon.core.main.TestSuiteExecutor.accessTestCaseMainPhase(TestSuiteExecutor.java:202)
	at com.kms.katalon.core.main.TestSuiteExecutor.accessTestSuiteMainPhase(TestSuiteExecutor.java:164)
	at com.kms.katalon.core.main.TestSuiteExecutor.execute(TestSuiteExecutor.java:105)
	at com.kms.katalon.core.main.TestCaseMain.startTestSuite(TestCaseMain.java:185)
	at com.kms.katalon.core.main.TestCaseMain$startTestSuite$0.call(Unknown Source)
	at TempTestSuite1644986909815.run(TempTestSuite1644986909815.groovy:36)
Caused by: com.kms.katalon.core.webui.exception.WebElementNotFoundException: Web element with id: 'Object Repository/Page_MeetingLandDepend/calendar_hms/M_49' located by '//div[@data-drop-id="${G_TimeNum}"]/*/div[@role="listbox"]//div[text()="49"]' not found
	at com.kms.katalon.core.webui.common.WebUiCommonHelper.findWebElement(WebUiCommonHelper.java:1370)
	at com.kms.katalon.core.webui.keyword.internal.WebUIAbstractKeyword.findWebElement(WebUIAbstractKeyword.groovy:27)
	at com.kms.katalon.core.webui.keyword.internal.WebUIAbstractKeyword.findWebElement(WebUIAbstractKeyword.groovy:26)
	at com.kms.katalon.core.webui.keyword.builtin.EnhancedClickKeyword$_click_closure1.doCall(EnhancedClickKeyword.groovy:66)
	at com.kms.katalon.core.webui.keyword.builtin.EnhancedClickKeyword$_click_closure1.call(EnhancedClickKeyword.groovy)
	at com.kms.katalon.core.webui.keyword.internal.WebUIKeywordMain.runKeyword(WebUIKeywordMain.groovy:20)
	at com.kms.katalon.core.webui.keyword.builtin.EnhancedClickKeyword.click(EnhancedClickKeyword.groovy:94)
	at com.kms.katalon.core.webui.keyword.builtin.EnhancedClickKeyword.execute(EnhancedClickKeyword.groovy:42)
	at com.kms.katalon.core.keyword.internal.KeywordExecutor.executeKeywordForPlatform(KeywordExecutor.groovy:74)
	at com.kms.katalon.core.webui.keyword.WebUiBuiltInKeywords.enhancedClick(WebUiBuiltInKeywords.groovy:646)
	at com.jv.key.JvUtil.clickClickAbleAndVisibleElement(JvUtil.groovy:282)
	at com.jv.key.JvUtil$clickClickAbleAndVisibleElement$1.call(Unknown Source)
	at com.jv.key.JvOpt.ymdSet(JvOpt.groovy:212)
	at com.jv.key.JvOpt$ymdSet$5.call(Unknown Source)
	at Script1640147865029.run(Script1640147865029.groovy:69)
	at com.kms.katalon.core.main.ScriptEngine.run(ScriptEngine.java:194)
	at com.kms.katalon.core.main.ScriptEngine.runScriptAsRawText(ScriptEngine.java:119)
	at com.kms.katalon.core.main.TestCaseExecutor.runScript(TestCaseExecutor.java:442)
	at com.kms.katalon.core.main.TestCaseExecutor.doExecute(TestCaseExecutor.java:433)
	at com.kms.katalon.core.main.TestCaseExecutor.processExecutionPhase(TestCaseExecutor.java:412)
	at com.kms.katalon.core.main.TestCaseExecutor.accessMainPhase(TestCaseExecutor.java:404)
	at com.kms.katalon.core.main.TestCaseExecutor.execute(TestCaseExecutor.java:281)
	at com.kms.katalon.core.main.TestCaseMain.runTestCase(TestCaseMain.java:142)
	at com.kms.katalon.core.keyword.builtin.CallTestCaseKeyword$_callTestCase_closure1.doCall(CallTestCaseKeyword.groovy:59)
	at com.kms.katalon.core.keyword.builtin.CallTestCaseKeyword$_callTestCase_closure1.call(CallTestCaseKeyword.groovy)
	at com.kms.katalon.core.keyword.internal.KeywordMain.runKeyword(KeywordMain.groovy:74)
	at com.kms.katalon.core.keyword.builtin.CallTestCaseKeyword.callTestCase(CallTestCaseKeyword.groovy:81)
	at com.kms.katalon.core.keyword.builtin.CallTestCaseKeyword.execute(CallTestCaseKeyword.groovy:44)
	at com.kms.katalon.core.keyword.internal.KeywordExecutor.executeKeywordForPlatform(KeywordExecutor.groovy:74)
	at com.kms.katalon.core.keyword.BuiltinKeywords.callTestCase(BuiltinKeywords.groovy:334)
	at com.jv.key.JvOpt.taskInputDepend(JvOpt.groovy:75)
	at com.jv.key.JvOpt$taskInputDepend$0.call(Unknown Source)
	at Script1643076744789.run(Script1643076744789.groovy:42)
	... 13 more
)

2022-02-16 13:49:17 - [TEST_STEP][PASSED] - JvOpt.setMeetType(C_臨場): Object: 'Object Repository/Page_MeetingLandDepend/C_MeetType/MeetType_1' is clicked on

2022-02-16 13:49:20 - [MESSAGE][PASSED] - Object: 'Object Repository/Page_MeetingLandDepend/C_MeetType/MeetType' is clicked on

2022-02-16 13:49:21 - [MESSAGE][PASSED] - Object: 'Object Repository/Page_MeetingLandDepend/C_MeetType/MeetType_1' is clicked on

2022-02-16 13:49:21 - [TEST_STEP][PASSED] - JvOpt.getYmd(C_臨場): null

2022-02-16 13:49:21 - [TEST_STEP][PASSED] - JvOpt.setMeetName(G_MeetName): Text '臨場_20220216134921' is set on object 'Object Repository/Page_MeetingLandDepend/L_Present_meeting/L_input_depend_meeting_name'

2022-02-16 13:49:21 - [MESSAGE][INFO] - MeetName 臨場_20220216134921

2022-02-16 13:49:21 - [MESSAGE][PASSED] - Text '臨場_20220216134921' is set on object 'Object Repository/Page_MeetingLandDepend/L_Present_meeting/L_input_depend_meeting_name'

2022-02-16 13:49:21 - [TEST_STEP][FAILED] - JvOpt.ymdSet(C_開催日時From): Unable to click on object 'Object Repository/Page_MeetingLandDepend/calendar_hms/M_49' (Root cause: com.kms.katalon.core.exception.StepFailedException: Unable to click on object 'Object Repository/Page_MeetingLandDepend/calendar_hms/M_49'
	at com.kms.katalon.core.webui.keyword.internal.WebUIKeywordMain.stepFailed(WebUIKeywordMain.groovy:64)
	at com.kms.katalon.core.webui.keyword.internal.WebUIKeywordMain.runKeyword(WebUIKeywordMain.groovy:26)
	at com.kms.katalon.core.webui.keyword.builtin.EnhancedClickKeyword.click(EnhancedClickKeyword.groovy:94)
	at com.kms.katalon.core.webui.keyword.builtin.EnhancedClickKeyword.execute(EnhancedClickKeyword.groovy:42)
	at com.kms.katalon.core.keyword.internal.KeywordExecutor.executeKeywordForPlatform(KeywordExecutor.groovy:74)
	at com.kms.katalon.core.webui.keyword.WebUiBuiltInKeywords.enhancedClick(WebUiBuiltInKeywords.groovy:646)
	at com.jv.key.JvUtil.clickClickAbleAndVisibleElement(JvUtil.groovy:282)
	at com.jv.key.JvUtil$clickClickAbleAndVisibleElement$1.call(Unknown Source)
	at com.jv.key.JvOpt.ymdSet(JvOpt.groovy:212)
	at com.jv.key.JvOpt$ymdSet$5.call(Unknown Source)
	at TaskInputDepend.run(TaskInputDepend:69)
	at com.kms.katalon.core.main.ScriptEngine.run(ScriptEngine.java:194)
	at com.kms.katalon.core.main.ScriptEngine.runScriptAsRawText(ScriptEngine.java:119)
	at com.kms.katalon.core.main.TestCaseExecutor.runScript(TestCaseExecutor.java:442)
	at com.kms.katalon.core.main.TestCaseExecutor.doExecute(TestCaseExecutor.java:433)
	at com.kms.katalon.core.main.TestCaseExecutor.processExecutionPhase(TestCaseExecutor.java:412)
	at com.kms.katalon.core.main.TestCaseExecutor.accessMainPhase(TestCaseExecutor.java:404)
	at com.kms.katalon.core.main.TestCaseExecutor.execute(TestCaseExecutor.java:281)
	at com.kms.katalon.core.main.TestCaseMain.runTestCase(TestCaseMain.java:142)
	at com.kms.katalon.core.keyword.builtin.CallTestCaseKeyword$_callTestCase_closure1.doCall(CallTestCaseKeyword.groovy:59)
	at com.kms.katalon.core.keyword.builtin.CallTestCaseKeyword$_callTestCase_closure1.call(CallTestCaseKeyword.groovy)
	at com.kms.katalon.core.keyword.internal.KeywordMain.runKeyword(KeywordMain.groovy:74)
	at com.kms.katalon.core.keyword.builtin.CallTestCaseKeyword.callTestCase(CallTestCaseKeyword.groovy:81)
	at com.kms.katalon.core.keyword.builtin.CallTestCaseKeyword.execute(CallTestCaseKeyword.groovy:44)
	at com.kms.katalon.core.keyword.internal.KeywordExecutor.executeKeywordForPlatform(KeywordExecutor.groovy:74)
	at com.kms.katalon.core.keyword.BuiltinKeywords.callTestCase(BuiltinKeywords.groovy:334)
	at com.jv.key.JvOpt.taskInputDepend(JvOpt.groovy:75)
	at com.jv.key.JvOpt$taskInputDepend$0.call(Unknown Source)
	at 臨場P1.run(臨場P1:42)
	at com.kms.katalon.core.main.ScriptEngine.run(ScriptEngine.java:194)
	at com.kms.katalon.core.main.ScriptEngine.runScriptAsRawText(ScriptEngine.java:119)
	at com.kms.katalon.core.main.TestCaseExecutor.runScript(TestCaseExecutor.java:442)
	at com.kms.katalon.core.main.TestCaseExecutor.doExecute(TestCaseExecutor.java:433)
	at com.kms.katalon.core.main.TestCaseExecutor.processExecutionPhase(TestCaseExecutor.java:412)
	at com.kms.katalon.core.main.TestCaseExecutor.accessMainPhase(TestCaseExecutor.java:404)
	at com.kms.katalon.core.main.TestCaseExecutor.execute(TestCaseExecutor.java:281)
	at com.kms.katalon.core.main.TestSuiteExecutor.accessTestCaseMainPhase(TestSuiteExecutor.java:202)
	at com.kms.katalon.core.main.TestSuiteExecutor.accessTestSuiteMainPhase(TestSuiteExecutor.java:164)
	at com.kms.katalon.core.main.TestSuiteExecutor.execute(TestSuiteExecutor.java:105)
	at com.kms.katalon.core.main.TestCaseMain.startTestSuite(TestCaseMain.java:185)
	at com.kms.katalon.core.main.TestCaseMain$startTestSuite$0.call(Unknown Source)
	at TempTestSuite1644986909815.run(TempTestSuite1644986909815.groovy:36)
Caused by: com.kms.katalon.core.webui.exception.WebElementNotFoundException: Web element with id: 'Object Repository/Page_MeetingLandDepend/calendar_hms/M_49' located by '//div[@data-drop-id="${G_TimeNum}"]/*/div[@role="listbox"]//div[text()="49"]' not found
	at com.kms.katalon.core.webui.common.WebUiCommonHelper.findWebElement(WebUiCommonHelper.java:1370)
	at com.kms.katalon.core.webui.keyword.internal.WebUIAbstractKeyword.findWebElement(WebUIAbstractKeyword.groovy:27)
	at com.kms.katalon.core.webui.keyword.internal.WebUIAbstractKeyword.findWebElement(WebUIAbstractKeyword.groovy:26)
	at com.kms.katalon.core.webui.keyword.builtin.EnhancedClickKeyword$_click_closure1.doCall(EnhancedClickKeyword.groovy:66)
	at com.kms.katalon.core.webui.keyword.builtin.EnhancedClickKeyword$_click_closure1.call(EnhancedClickKeyword.groovy)
	at com.kms.katalon.core.webui.keyword.internal.WebUIKeywordMain.runKeyword(WebUIKeywordMain.groovy:20)
	at com.kms.katalon.core.webui.keyword.builtin.EnhancedClickKeyword.click(EnhancedClickKeyword.groovy:94)
	at com.kms.katalon.core.webui.keyword.builtin.EnhancedClickKeyword.execute(EnhancedClickKeyword.groovy:42)
	at com.kms.katalon.core.keyword.internal.KeywordExecutor.executeKeywordForPlatform(KeywordExecutor.groovy:74)
	at com.kms.katalon.core.webui.keyword.WebUiBuiltInKeywords.enhancedClick(WebUiBuiltInKeywords.groovy:646)
	at com.jv.key.JvUtil.clickClickAbleAndVisibleElement(JvUtil.groovy:282)
	at com.jv.key.JvUtil$clickClickAbleAndVisibleElement$1.call(Unknown Source)
	at com.jv.key.JvOpt.ymdSet(JvOpt.groovy:212)
	at com.jv.key.JvOpt$ymdSet$5.call(Unknown Source)
	at Script1640147865029.run(Script1640147865029.groovy:69)
	at com.kms.katalon.core.main.ScriptEngine.run(ScriptEngine.java:194)
	at com.kms.katalon.core.main.ScriptEngine.runScriptAsRawText(ScriptEngine.java:119)
	at com.kms.katalon.core.main.TestCaseExecutor.runScript(TestCaseExecutor.java:442)
	at com.kms.katalon.core.main.TestCaseExecutor.doExecute(TestCaseExecutor.java:433)
	at com.kms.katalon.core.main.TestCaseExecutor.processExecutionPhase(TestCaseExecutor.java:412)
	at com.kms.katalon.core.main.TestCaseExecutor.accessMainPhase(TestCaseExecutor.java:404)
	at com.kms.katalon.core.main.TestCaseExecutor.execute(TestCaseExecutor.java:281)
	at com.kms.katalon.core.main.TestCaseMain.runTestCase(TestCaseMain.java:142)
	at com.kms.katalon.core.keyword.builtin.CallTestCaseKeyword$_callTestCase_closure1.doCall(CallTestCaseKeyword.groovy:59)
	at com.kms.katalon.core.keyword.builtin.CallTestCaseKeyword$_callTestCase_closure1.call(CallTestCaseKeyword.groovy)
	at com.kms.katalon.core.keyword.internal.KeywordMain.runKeyword(KeywordMain.groovy:74)
	at com.kms.katalon.core.keyword.builtin.CallTestCaseKeyword.callTestCase(CallTestCaseKeyword.groovy:81)
	at com.kms.katalon.core.keyword.builtin.CallTestCaseKeyword.execute(CallTestCaseKeyword.groovy:44)
	at com.kms.katalon.core.keyword.internal.KeywordExecutor.executeKeywordForPlatform(KeywordExecutor.groovy:74)
	at com.kms.katalon.core.keyword.BuiltinKeywords.callTestCase(BuiltinKeywords.groovy:334)
	at com.jv.key.JvOpt.taskInputDepend(JvOpt.groovy:75)
	at com.jv.key.JvOpt$taskInputDepend$0.call(Unknown Source)
	at Script1643076744789.run(Script1643076744789.groovy:42)
	... 13 more
)

2022-02-16 13:49:21 - [MESSAGE][INFO] - 開催日時From>> 月 3

2022-02-16 13:49:22 - [MESSAGE][INFO] - 開催日時From>> 日 18

2022-02-16 13:49:22 - [MESSAGE][INFO] - 開催日時From>> 時 13

2022-02-16 13:49:22 - [MESSAGE][INFO] - 開催日時From>> 分 49

2022-02-16 13:49:22 - [MESSAGE][PASSED] - Object 'Object Repository/Page_MeetingLandDepend/L_Present_meeting/L_input_meet_start_from' is visible

2022-02-16 13:49:22 - [MESSAGE][PASSED] - Object 'Object Repository/Page_MeetingLandDepend/L_Present_meeting/L_input_meet_start_from' is clickable

2022-02-16 13:49:22 - [MESSAGE][INFO] - 元素確認の結果　　Visibled　　Clickable　

2022-02-16 13:49:23 - [MESSAGE][PASSED] - Object: 'Object Repository/Page_MeetingLandDepend/L_Present_meeting/L_input_meet_start_from' is clicked on

2022-02-16 13:49:23 - [MESSAGE][INFO] - 元素がクリックされました。

2022-02-16 13:49:23 - [MESSAGE][PASSED] - Object 'Object Repository/Page_MeetingLandDepend/calendar_ymd/cal_18' is visible

2022-02-16 13:49:23 - [MESSAGE][PASSED] - Object 'Object Repository/Page_MeetingLandDepend/calendar_ymd/cal_18' is clickable

2022-02-16 13:49:23 - [MESSAGE][INFO] - 元素確認の結果　　Visibled　　Clickable　

2022-02-16 13:49:23 - [MESSAGE][PASSED] - Object: 'Object Repository/Page_MeetingLandDepend/calendar_ymd/cal_18' is clicked on

2022-02-16 13:49:23 - [MESSAGE][INFO] - 元素がクリックされました。

2022-02-16 13:49:24 - [MESSAGE][PASSED] - Object 'Object Repository/Page_MeetingLandDepend/calendar_meet_start_from/button_OK' is visible

2022-02-16 13:49:24 - [MESSAGE][PASSED] - Object 'Object Repository/Page_MeetingLandDepend/calendar_meet_start_from/button_OK' is clickable

2022-02-16 13:49:24 - [MESSAGE][INFO] - 元素確認の結果　　Visibled　　Clickable　

2022-02-16 13:49:24 - [MESSAGE][PASSED] - Object: 'Object Repository/Page_MeetingLandDepend/calendar_meet_start_from/button_OK' is clicked on

2022-02-16 13:49:24 - [MESSAGE][INFO] - 元素がクリックされました。

2022-02-16 13:49:25 - [MESSAGE][PASSED] - Object 'Object Repository/Page_MeetingLandDepend/L_Present_meeting/L_dropdown_meet_statr_from_hort' is visible

2022-02-16 13:49:25 - [MESSAGE][PASSED] - Object 'Object Repository/Page_MeetingLandDepend/L_Present_meeting/L_dropdown_meet_statr_from_hort' is clickable

2022-02-16 13:49:25 - [MESSAGE][INFO] - 元素確認の結果　　Visibled　　Clickable　

2022-02-16 13:49:25 - [MESSAGE][PASSED] - Object: 'Object Repository/Page_MeetingLandDepend/L_Present_meeting/L_dropdown_meet_statr_from_hort' is clicked on

2022-02-16 13:49:25 - [MESSAGE][INFO] - 元素がクリックされました。

2022-02-16 13:49:26 - [MESSAGE][PASSED] - Object 'Object Repository/Page_MeetingLandDepend/calendar_hms/H_13' is visible

2022-02-16 13:49:26 - [MESSAGE][PASSED] - Object 'Object Repository/Page_MeetingLandDepend/calendar_hms/H_13' is clickable

2022-02-16 13:49:26 - [MESSAGE][INFO] - 元素確認の結果　　Visibled　　Clickable　

2022-02-16 13:49:27 - [MESSAGE][PASSED] - Object: 'Object Repository/Page_MeetingLandDepend/calendar_hms/H_13' is clicked on

2022-02-16 13:49:27 - [MESSAGE][INFO] - 元素がクリックされました。

2022-02-16 13:49:27 - [MESSAGE][PASSED] - Object 'Object Repository/Page_MeetingLandDepend/L_Present_meeting/L_dropdown_meet_statr_from_minute' is visible

2022-02-16 13:49:27 - [MESSAGE][PASSED] - Object 'Object Repository/Page_MeetingLandDepend/L_Present_meeting/L_dropdown_meet_statr_from_minute' is clickable

2022-02-16 13:49:27 - [MESSAGE][INFO] - 元素確認の結果　　Visibled　　Clickable　

2022-02-16 13:49:27 - [MESSAGE][PASSED] - Object: 'Object Repository/Page_MeetingLandDepend/L_Present_meeting/L_dropdown_meet_statr_from_minute' is clicked on

2022-02-16 13:49:28 - [MESSAGE][INFO] - 元素がクリックされました。

2022-02-16 13:49:59 - [MESSAGE][INFO] - Unable to find the element located by 'By.xpath: //div[@data-drop-id="${G_TimeNum}"]/*/div[@role="listbox"]//div[text()="49"]'. Please recheck the objects properties to make sure the desired element is located. 

2022-02-16 13:49:59 - [MESSAGE][WARNING] - Web element with id: 'Object Repository/Page_MeetingLandDepend/calendar_hms/M_49' located by '//div[@data-drop-id="${G_TimeNum}"]/*/div[@role="listbox"]//div[text()="49"]' not found

2022-02-16 13:50:30 - [MESSAGE][INFO] - Unable to find the element located by 'By.xpath: //div[@data-drop-id="${G_TimeNum}"]/*/div[@role="listbox"]//div[text()="49"]'. Please recheck the objects properties to make sure the desired element is located. 

2022-02-16 13:50:30 - [MESSAGE][WARNING] - Web element with id: 'Object Repository/Page_MeetingLandDepend/calendar_hms/M_49' located by '//div[@data-drop-id="${G_TimeNum}"]/*/div[@role="listbox"]//div[text()="49"]' not found

2022-02-16 13:50:30 - [MESSAGE][INFO] - 元素確認の結果　

2022-02-16 13:51:01 - [MESSAGE][INFO] - Unable to find the element located by 'By.xpath: //div[@data-drop-id="${G_TimeNum}"]/*/div[@role="listbox"]//div[text()="49"]'. Please recheck the objects properties to make sure the desired element is located. 

2022-02-16 13:51:01 - [MESSAGE][FAILED] - Unable to click on object 'Object Repository/Page_MeetingLandDepend/calendar_hms/M_49' (Root cause: com.kms.katalon.core.exception.StepFailedException: Unable to click on object 'Object Repository/Page_MeetingLandDepend/calendar_hms/M_49'
	at com.kms.katalon.core.webui.keyword.internal.WebUIKeywordMain.stepFailed(WebUIKeywordMain.groovy:64)
	at com.kms.katalon.core.webui.keyword.internal.WebUIKeywordMain.runKeyword(WebUIKeywordMain.groovy:26)
	at com.kms.katalon.core.webui.keyword.builtin.ClickKeyword.click(ClickKeyword.groovy:74)
	at com.kms.katalon.core.webui.keyword.builtin.ClickKeyword.execute(ClickKeyword.groovy:40)
	at com.kms.katalon.core.keyword.internal.KeywordExecutor.executeKeywordForPlatform(KeywordExecutor.groovy:74)
	at com.kms.katalon.core.webui.keyword.WebUiBuiltInKeywords.click(WebUiBuiltInKeywords.groovy:620)
	at com.jv.key.JvUtil.clickClickAbleAndVisibleElement(JvUtil.groovy:275)
	at com.jv.key.JvUtil$clickClickAbleAndVisibleElement$1.call(Unknown Source)
	at com.jv.key.JvOpt.ymdSet(JvOpt.groovy:212)
	at com.jv.key.JvOpt$ymdSet$5.call(Unknown Source)
	at TaskInputDepend.run(TaskInputDepend:69)
	at com.kms.katalon.core.main.ScriptEngine.run(ScriptEngine.java:194)
	at com.kms.katalon.core.main.ScriptEngine.runScriptAsRawText(ScriptEngine.java:119)
	at com.kms.katalon.core.main.TestCaseExecutor.runScript(TestCaseExecutor.java:442)
	at com.kms.katalon.core.main.TestCaseExecutor.doExecute(TestCaseExecutor.java:433)
	at com.kms.katalon.core.main.TestCaseExecutor.processExecutionPhase(TestCaseExecutor.java:412)
	at com.kms.katalon.core.main.TestCaseExecutor.accessMainPhase(TestCaseExecutor.java:404)
	at com.kms.katalon.core.main.TestCaseExecutor.execute(TestCaseExecutor.java:281)
	at com.kms.katalon.core.main.TestCaseMain.runTestCase(TestCaseMain.java:142)
	at com.kms.katalon.core.keyword.builtin.CallTestCaseKeyword$_callTestCase_closure1.doCall(CallTestCaseKeyword.groovy:59)
	at com.kms.katalon.core.keyword.builtin.CallTestCaseKeyword$_callTestCase_closure1.call(CallTestCaseKeyword.groovy)
	at com.kms.katalon.core.keyword.internal.KeywordMain.runKeyword(KeywordMain.groovy:74)
	at com.kms.katalon.core.keyword.builtin.CallTestCaseKeyword.callTestCase(CallTestCaseKeyword.groovy:81)
	at com.kms.katalon.core.keyword.builtin.CallTestCaseKeyword.execute(CallTestCaseKeyword.groovy:44)
	at com.kms.katalon.core.keyword.internal.KeywordExecutor.executeKeywordForPlatform(KeywordExecutor.groovy:74)
	at com.kms.katalon.core.keyword.BuiltinKeywords.callTestCase(BuiltinKeywords.groovy:334)
	at com.jv.key.JvOpt.taskInputDepend(JvOpt.groovy:75)
	at com.jv.key.JvOpt$taskInputDepend$0.call(Unknown Source)
	at 臨場P1.run(臨場P1:42)
	at com.kms.katalon.core.main.ScriptEngine.run(ScriptEngine.java:194)
	at com.kms.katalon.core.main.ScriptEngine.runScriptAsRawText(ScriptEngine.java:119)
	at com.kms.katalon.core.main.TestCaseExecutor.runScript(TestCaseExecutor.java:442)
	at com.kms.katalon.core.main.TestCaseExecutor.doExecute(TestCaseExecutor.java:433)
	at com.kms.katalon.core.main.TestCaseExecutor.processExecutionPhase(TestCaseExecutor.java:412)
	at com.kms.katalon.core.main.TestCaseExecutor.accessMainPhase(TestCaseExecutor.java:404)
	at com.kms.katalon.core.main.TestCaseExecutor.execute(TestCaseExecutor.java:281)
	at com.kms.katalon.core.main.TestSuiteExecutor.accessTestCaseMainPhase(TestSuiteExecutor.java:202)
	at com.kms.katalon.core.main.TestSuiteExecutor.accessTestSuiteMainPhase(TestSuiteExecutor.java:164)
	at com.kms.katalon.core.main.TestSuiteExecutor.execute(TestSuiteExecutor.java:105)
	at com.kms.katalon.core.main.TestCaseMain.startTestSuite(TestCaseMain.java:185)
	at com.kms.katalon.core.main.TestCaseMain$startTestSuite$0.call(Unknown Source)
	at TempTestSuite1644986909815.run(TempTestSuite1644986909815.groovy:36)
Caused by: com.kms.katalon.core.webui.exception.WebElementNotFoundException: Web element with id: 'Object Repository/Page_MeetingLandDepend/calendar_hms/M_49' located by '//div[@data-drop-id="${G_TimeNum}"]/*/div[@role="listbox"]//div[text()="49"]' not found
	at com.kms.katalon.core.webui.common.WebUiCommonHelper.findWebElement(WebUiCommonHelper.java:1370)
	at com.kms.katalon.core.webui.keyword.internal.WebUIAbstractKeyword.findWebElement(WebUIAbstractKeyword.groovy:27)
	at com.kms.katalon.core.webui.keyword.builtin.ClickKeyword$_click_closure1.doCall(ClickKeyword.groovy:65)
	at com.kms.katalon.core.webui.keyword.builtin.ClickKeyword$_click_closure1.call(ClickKeyword.groovy)
	at com.kms.katalon.core.webui.keyword.internal.WebUIKeywordMain.runKeyword(WebUIKeywordMain.groovy:20)
	at com.kms.katalon.core.webui.keyword.builtin.ClickKeyword.click(ClickKeyword.groovy:74)
	at com.kms.katalon.core.webui.keyword.builtin.ClickKeyword.execute(ClickKeyword.groovy:40)
	at com.kms.katalon.core.keyword.internal.KeywordExecutor.executeKeywordForPlatform(KeywordExecutor.groovy:74)
	at com.kms.katalon.core.webui.keyword.WebUiBuiltInKeywords.click(WebUiBuiltInKeywords.groovy:620)
	at com.jv.key.JvUtil.clickClickAbleAndVisibleElement(JvUtil.groovy:275)
	at com.jv.key.JvUtil$clickClickAbleAndVisibleElement$1.call(Unknown Source)
	at com.jv.key.JvOpt.ymdSet(JvOpt.groovy:212)
	at com.jv.key.JvOpt$ymdSet$5.call(Unknown Source)
	at Script1640147865029.run(Script1640147865029.groovy:69)
	at com.kms.katalon.core.main.ScriptEngine.run(ScriptEngine.java:194)
	at com.kms.katalon.core.main.ScriptEngine.runScriptAsRawText(ScriptEngine.java:119)
	at com.kms.katalon.core.main.TestCaseExecutor.runScript(TestCaseExecutor.java:442)
	at com.kms.katalon.core.main.TestCaseExecutor.doExecute(TestCaseExecutor.java:433)
	at com.kms.katalon.core.main.TestCaseExecutor.processExecutionPhase(TestCaseExecutor.java:412)
	at com.kms.katalon.core.main.TestCaseExecutor.accessMainPhase(TestCaseExecutor.java:404)
	at com.kms.katalon.core.main.TestCaseExecutor.execute(TestCaseExecutor.java:281)
	at com.kms.katalon.core.main.TestCaseMain.runTestCase(TestCaseMain.java:142)
	at com.kms.katalon.core.keyword.builtin.CallTestCaseKeyword$_callTestCase_closure1.doCall(CallTestCaseKeyword.groovy:59)
	at com.kms.katalon.core.keyword.builtin.CallTestCaseKeyword$_callTestCase_closure1.call(CallTestCaseKeyword.groovy)
	at com.kms.katalon.core.keyword.internal.KeywordMain.runKeyword(KeywordMain.groovy:74)
	at com.kms.katalon.core.keyword.builtin.CallTestCaseKeyword.callTestCase(CallTestCaseKeyword.groovy:81)
	at com.kms.katalon.core.keyword.builtin.CallTestCaseKeyword.execute(CallTestCaseKeyword.groovy:44)
	at com.kms.katalon.core.keyword.internal.KeywordExecutor.executeKeywordForPlatform(KeywordExecutor.groovy:74)
	at com.kms.katalon.core.keyword.BuiltinKeywords.callTestCase(BuiltinKeywords.groovy:334)
	at com.jv.key.JvOpt.taskInputDepend(JvOpt.groovy:75)
	at com.jv.key.JvOpt$taskInputDepend$0.call(Unknown Source)
	at Script1643076744789.run(Script1643076744789.groovy:42)
	... 13 more
)
[[ATTACHMENT|C:\\Users\\jiangp01\\Katalon Studio\\HouteiKaigi\\Reports\\20220216_134829\\\u6CD5\u5B9A\u4F1A\u8B70_\u81E8\u5834\\20220216_134829\\1644987061748.png]]

2022-02-16 13:51:01 - [MESSAGE][INFO] - JVError 元素のobjectId Object Repository/Page_MeetingLandDepend/calendar_hms/M_49

2022-02-16 13:51:33 - [MESSAGE][INFO] - Unable to find the element located by 'By.xpath: //div[@data-drop-id="${G_TimeNum}"]/*/div[@role="listbox"]//div[text()="49"]'. Please recheck the objects properties to make sure the desired element is located. 

2022-02-16 13:51:33 - [MESSAGE][FAILED] - Unable to click on object 'Object Repository/Page_MeetingLandDepend/calendar_hms/M_49' (Root cause: com.kms.katalon.core.exception.StepFailedException: Unable to click on object 'Object Repository/Page_MeetingLandDepend/calendar_hms/M_49'
	at com.kms.katalon.core.webui.keyword.internal.WebUIKeywordMain.stepFailed(WebUIKeywordMain.groovy:64)
	at com.kms.katalon.core.webui.keyword.internal.WebUIKeywordMain.runKeyword(WebUIKeywordMain.groovy:26)
	at com.kms.katalon.core.webui.keyword.builtin.EnhancedClickKeyword.click(EnhancedClickKeyword.groovy:94)
	at com.kms.katalon.core.webui.keyword.builtin.EnhancedClickKeyword.execute(EnhancedClickKeyword.groovy:42)
	at com.kms.katalon.core.keyword.internal.KeywordExecutor.executeKeywordForPlatform(KeywordExecutor.groovy:74)
	at com.kms.katalon.core.webui.keyword.WebUiBuiltInKeywords.enhancedClick(WebUiBuiltInKeywords.groovy:646)
	at com.jv.key.JvUtil.clickClickAbleAndVisibleElement(JvUtil.groovy:282)
	at com.jv.key.JvUtil$clickClickAbleAndVisibleElement$1.call(Unknown Source)
	at com.jv.key.JvOpt.ymdSet(JvOpt.groovy:212)
	at com.jv.key.JvOpt$ymdSet$5.call(Unknown Source)
	at TaskInputDepend.run(TaskInputDepend:69)
	at com.kms.katalon.core.main.ScriptEngine.run(ScriptEngine.java:194)
	at com.kms.katalon.core.main.ScriptEngine.runScriptAsRawText(ScriptEngine.java:119)
	at com.kms.katalon.core.main.TestCaseExecutor.runScript(TestCaseExecutor.java:442)
	at com.kms.katalon.core.main.TestCaseExecutor.doExecute(TestCaseExecutor.java:433)
	at com.kms.katalon.core.main.TestCaseExecutor.processExecutionPhase(TestCaseExecutor.java:412)
	at com.kms.katalon.core.main.TestCaseExecutor.accessMainPhase(TestCaseExecutor.java:404)
	at com.kms.katalon.core.main.TestCaseExecutor.execute(TestCaseExecutor.java:281)
	at com.kms.katalon.core.main.TestCaseMain.runTestCase(TestCaseMain.java:142)
	at com.kms.katalon.core.keyword.builtin.CallTestCaseKeyword$_callTestCase_closure1.doCall(CallTestCaseKeyword.groovy:59)
	at com.kms.katalon.core.keyword.builtin.CallTestCaseKeyword$_callTestCase_closure1.call(CallTestCaseKeyword.groovy)
	at com.kms.katalon.core.keyword.internal.KeywordMain.runKeyword(KeywordMain.groovy:74)
	at com.kms.katalon.core.keyword.builtin.CallTestCaseKeyword.callTestCase(CallTestCaseKeyword.groovy:81)
	at com.kms.katalon.core.keyword.builtin.CallTestCaseKeyword.execute(CallTestCaseKeyword.groovy:44)
	at com.kms.katalon.core.keyword.internal.KeywordExecutor.executeKeywordForPlatform(KeywordExecutor.groovy:74)
	at com.kms.katalon.core.keyword.BuiltinKeywords.callTestCase(BuiltinKeywords.groovy:334)
	at com.jv.key.JvOpt.taskInputDepend(JvOpt.groovy:75)
	at com.jv.key.JvOpt$taskInputDepend$0.call(Unknown Source)
	at 臨場P1.run(臨場P1:42)
	at com.kms.katalon.core.main.ScriptEngine.run(ScriptEngine.java:194)
	at com.kms.katalon.core.main.ScriptEngine.runScriptAsRawText(ScriptEngine.java:119)
	at com.kms.katalon.core.main.TestCaseExecutor.runScript(TestCaseExecutor.java:442)
	at com.kms.katalon.core.main.TestCaseExecutor.doExecute(TestCaseExecutor.java:433)
	at com.kms.katalon.core.main.TestCaseExecutor.processExecutionPhase(TestCaseExecutor.java:412)
	at com.kms.katalon.core.main.TestCaseExecutor.accessMainPhase(TestCaseExecutor.java:404)
	at com.kms.katalon.core.main.TestCaseExecutor.execute(TestCaseExecutor.java:281)
	at com.kms.katalon.core.main.TestSuiteExecutor.accessTestCaseMainPhase(TestSuiteExecutor.java:202)
	at com.kms.katalon.core.main.TestSuiteExecutor.accessTestSuiteMainPhase(TestSuiteExecutor.java:164)
	at com.kms.katalon.core.main.TestSuiteExecutor.execute(TestSuiteExecutor.java:105)
	at com.kms.katalon.core.main.TestCaseMain.startTestSuite(TestCaseMain.java:185)
	at com.kms.katalon.core.main.TestCaseMain$startTestSuite$0.call(Unknown Source)
	at TempTestSuite1644986909815.run(TempTestSuite1644986909815.groovy:36)
Caused by: com.kms.katalon.core.webui.exception.WebElementNotFoundException: Web element with id: 'Object Repository/Page_MeetingLandDepend/calendar_hms/M_49' located by '//div[@data-drop-id="${G_TimeNum}"]/*/div[@role="listbox"]//div[text()="49"]' not found
	at com.kms.katalon.core.webui.common.WebUiCommonHelper.findWebElement(WebUiCommonHelper.java:1370)
	at com.kms.katalon.core.webui.keyword.internal.WebUIAbstractKeyword.findWebElement(WebUIAbstractKeyword.groovy:27)
	at com.kms.katalon.core.webui.keyword.internal.WebUIAbstractKeyword.findWebElement(WebUIAbstractKeyword.groovy:26)
	at com.kms.katalon.core.webui.keyword.builtin.EnhancedClickKeyword$_click_closure1.doCall(EnhancedClickKeyword.groovy:66)
	at com.kms.katalon.core.webui.keyword.builtin.EnhancedClickKeyword$_click_closure1.call(EnhancedClickKeyword.groovy)
	at com.kms.katalon.core.webui.keyword.internal.WebUIKeywordMain.runKeyword(WebUIKeywordMain.groovy:20)
	at com.kms.katalon.core.webui.keyword.builtin.EnhancedClickKeyword.click(EnhancedClickKeyword.groovy:94)
	at com.kms.katalon.core.webui.keyword.builtin.EnhancedClickKeyword.execute(EnhancedClickKeyword.groovy:42)
	at com.kms.katalon.core.keyword.internal.KeywordExecutor.executeKeywordForPlatform(KeywordExecutor.groovy:74)
	at com.kms.katalon.core.webui.keyword.WebUiBuiltInKeywords.enhancedClick(WebUiBuiltInKeywords.groovy:646)
	at com.jv.key.JvUtil.clickClickAbleAndVisibleElement(JvUtil.groovy:282)
	at com.jv.key.JvUtil$clickClickAbleAndVisibleElement$1.call(Unknown Source)
	at com.jv.key.JvOpt.ymdSet(JvOpt.groovy:212)
	at com.jv.key.JvOpt$ymdSet$5.call(Unknown Source)
	at Script1640147865029.run(Script1640147865029.groovy:69)
	at com.kms.katalon.core.main.ScriptEngine.run(ScriptEngine.java:194)
	at com.kms.katalon.core.main.ScriptEngine.runScriptAsRawText(ScriptEngine.java:119)
	at com.kms.katalon.core.main.TestCaseExecutor.runScript(TestCaseExecutor.java:442)
	at com.kms.katalon.core.main.TestCaseExecutor.doExecute(TestCaseExecutor.java:433)
	at com.kms.katalon.core.main.TestCaseExecutor.processExecutionPhase(TestCaseExecutor.java:412)
	at com.kms.katalon.core.main.TestCaseExecutor.accessMainPhase(TestCaseExecutor.java:404)
	at com.kms.katalon.core.main.TestCaseExecutor.execute(TestCaseExecutor.java:281)
	at com.kms.katalon.core.main.TestCaseMain.runTestCase(TestCaseMain.java:142)
	at com.kms.katalon.core.keyword.builtin.CallTestCaseKeyword$_callTestCase_closure1.doCall(CallTestCaseKeyword.groovy:59)
	at com.kms.katalon.core.keyword.builtin.CallTestCaseKeyword$_callTestCase_closure1.call(CallTestCaseKeyword.groovy)
	at com.kms.katalon.core.keyword.internal.KeywordMain.runKeyword(KeywordMain.groovy:74)
	at com.kms.katalon.core.keyword.builtin.CallTestCaseKeyword.callTestCase(CallTestCaseKeyword.groovy:81)
	at com.kms.katalon.core.keyword.builtin.CallTestCaseKeyword.execute(CallTestCaseKeyword.groovy:44)
	at com.kms.katalon.core.keyword.internal.KeywordExecutor.executeKeywordForPlatform(KeywordExecutor.groovy:74)
	at com.kms.katalon.core.keyword.BuiltinKeywords.callTestCase(BuiltinKeywords.groovy:334)
	at com.jv.key.JvOpt.taskInputDepend(JvOpt.groovy:75)
	at com.jv.key.JvOpt$taskInputDepend$0.call(Unknown Source)
	at Script1643076744789.run(Script1643076744789.groovy:42)
	... 13 more
)
[[ATTACHMENT|C:\\Users\\jiangp01\\Katalon Studio\\HouteiKaigi\\Reports\\20220216_134829\\\u6CD5\u5B9A\u4F1A\u8B70_\u81E8\u5834\\20220216_134829\\1644987093198.png]]

2022-02-16 13:51:33 - [MESSAGE][FAILED] - Unable to call Test Case 'Test Cases/Common Test Cases/TaskInputDepend' (Root cause: com.kms.katalon.core.exception.StepFailedException: Call Test Case 'Test Cases/Common Test Cases/TaskInputDepend' failed
	at com.kms.katalon.core.keyword.builtin.CallTestCaseKeyword$_callTestCase_closure1.doCall(CallTestCaseKeyword.groovy:63)
	at com.kms.katalon.core.keyword.builtin.CallTestCaseKeyword$_callTestCase_closure1.call(CallTestCaseKeyword.groovy)
	at com.kms.katalon.core.keyword.internal.KeywordMain.runKeyword(KeywordMain.groovy:74)
	at com.kms.katalon.core.keyword.builtin.CallTestCaseKeyword.callTestCase(CallTestCaseKeyword.groovy:81)
	at com.kms.katalon.core.keyword.builtin.CallTestCaseKeyword.execute(CallTestCaseKeyword.groovy:44)
	at com.kms.katalon.core.keyword.internal.KeywordExecutor.executeKeywordForPlatform(KeywordExecutor.groovy:74)
	at com.kms.katalon.core.keyword.BuiltinKeywords.callTestCase(BuiltinKeywords.groovy:334)
	at com.jv.key.JvOpt.taskInputDepend(JvOpt.groovy:75)
	at com.jv.key.JvOpt$taskInputDepend$0.call(Unknown Source)
	at 臨場P1.run(臨場P1:42)
	at com.kms.katalon.core.main.ScriptEngine.run(ScriptEngine.java:194)
	at com.kms.katalon.core.main.ScriptEngine.runScriptAsRawText(ScriptEngine.java:119)
	at com.kms.katalon.core.main.TestCaseExecutor.runScript(TestCaseExecutor.java:442)
	at com.kms.katalon.core.main.TestCaseExecutor.doExecute(TestCaseExecutor.java:433)
	at com.kms.katalon.core.main.TestCaseExecutor.processExecutionPhase(TestCaseExecutor.java:412)
	at com.kms.katalon.core.main.TestCaseExecutor.accessMainPhase(TestCaseExecutor.java:404)
	at com.kms.katalon.core.main.TestCaseExecutor.execute(TestCaseExecutor.java:281)
	at com.kms.katalon.core.main.TestSuiteExecutor.accessTestCaseMainPhase(TestSuiteExecutor.java:202)
	at com.kms.katalon.core.main.TestSuiteExecutor.accessTestSuiteMainPhase(TestSuiteExecutor.java:164)
	at com.kms.katalon.core.main.TestSuiteExecutor.execute(TestSuiteExecutor.java:105)
	at com.kms.katalon.core.main.TestCaseMain.startTestSuite(TestCaseMain.java:185)
	at com.kms.katalon.core.main.TestCaseMain$startTestSuite$0.call(Unknown Source)
	at TempTestSuite1644986909815.run(TempTestSuite1644986909815.groovy:36)
Caused by: com.kms.katalon.core.exception.StepFailedException: Unable to click on object 'Object Repository/Page_MeetingLandDepend/calendar_hms/M_49'
	at com.kms.katalon.core.webui.keyword.internal.WebUIKeywordMain.stepFailed(WebUIKeywordMain.groovy:64)
	at com.kms.katalon.core.webui.keyword.internal.WebUIKeywordMain.runKeyword(WebUIKeywordMain.groovy:26)
	at com.kms.katalon.core.webui.keyword.builtin.EnhancedClickKeyword.click(EnhancedClickKeyword.groovy:94)
	at com.kms.katalon.core.webui.keyword.builtin.EnhancedClickKeyword.execute(EnhancedClickKeyword.groovy:42)
	at com.kms.katalon.core.keyword.internal.KeywordExecutor.executeKeywordForPlatform(KeywordExecutor.groovy:74)
	at com.kms.katalon.core.webui.keyword.WebUiBuiltInKeywords.enhancedClick(WebUiBuiltInKeywords.groovy:646)
	at com.jv.key.JvUtil.clickClickAbleAndVisibleElement(JvUtil.groovy:282)
	at com.jv.key.JvUtil$clickClickAbleAndVisibleElement$1.call(Unknown Source)
	at com.jv.key.JvOpt.ymdSet(JvOpt.groovy:212)
	at com.jv.key.JvOpt$ymdSet$5.call(Unknown Source)
	at TaskInputDepend.run(TaskInputDepend:69)
	at com.kms.katalon.core.main.ScriptEngine.run(ScriptEngine.java:194)
	at com.kms.katalon.core.main.ScriptEngine.runScriptAsRawText(ScriptEngine.java:119)
	at com.kms.katalon.core.main.TestCaseExecutor.runScript(TestCaseExecutor.java:442)
	at com.kms.katalon.core.main.TestCaseExecutor.doExecute(TestCaseExecutor.java:433)
	at com.kms.katalon.core.main.TestCaseExecutor.processExecutionPhase(TestCaseExecutor.java:412)
	at com.kms.katalon.core.main.TestCaseExecutor.accessMainPhase(TestCaseExecutor.java:404)
	at com.kms.katalon.core.main.TestCaseExecutor.execute(TestCaseExecutor.java:281)
	at com.kms.katalon.core.main.TestCaseMain.runTestCase(TestCaseMain.java:142)
	at com.kms.katalon.core.keyword.builtin.CallTestCaseKeyword$_callTestCase_closure1.doCall(CallTestCaseKeyword.groovy:59)
	... 22 more
Caused by: com.kms.katalon.core.webui.exception.WebElementNotFoundException: Web element with id: 'Object Repository/Page_MeetingLandDepend/calendar_hms/M_49' located by '//div[@data-drop-id="${G_TimeNum}"]/*/div[@role="listbox"]//div[text()="49"]' not found
	at com.kms.katalon.core.webui.common.WebUiCommonHelper.findWebElement(WebUiCommonHelper.java:1370)
	at com.kms.katalon.core.webui.keyword.internal.WebUIAbstractKeyword.findWebElement(WebUIAbstractKeyword.groovy:27)
	at com.kms.katalon.core.webui.keyword.internal.WebUIAbstractKeyword.findWebElement(WebUIAbstractKeyword.groovy:26)
	at com.kms.katalon.core.webui.keyword.builtin.EnhancedClickKeyword$_click_closure1.doCall(EnhancedClickKeyword.groovy:66)
	at com.kms.katalon.core.webui.keyword.builtin.EnhancedClickKeyword$_click_closure1.call(EnhancedClickKeyword.groovy)
	at com.kms.katalon.core.webui.keyword.internal.WebUIKeywordMain.runKeyword(WebUIKeywordMain.groovy:20)
	... 40 more
)

2022-02-16 13:51:35 - [TEST_STEP][PASSED] - Start listener action : sampleAfterTestCase: null

2022-02-16 13:51:35 - [TEST_STEP][PASSED] - println(testCaseContext.getMessage()): null

2022-02-16 13:51:35 - [TEST_STEP][PASSED] - println("this is loginListener After"): null

2022-02-16 13:51:35 - [TEST_STEP][PASSED] - println(testCaseContext.getTestCaseId()): null

2022-02-16 13:51:35 - [TEST_STEP][PASSED] - println(testCaseContext.getTestCaseStatus()): null

2022-02-16 13:51:35 - [TEST_STEP][PASSED] - Start listener action : sampleAfterTestCase: null

2022-02-16 13:51:35 - [TEST_STEP][PASSED] - println("this is NewTestListener After"): null

2022-02-16 13:51:35 - [TEST_STEP][PASSED] - println(testCaseContext.getTestCaseId()): null

2022-02-16 13:51:35 - [TEST_STEP][PASSED] - println(testCaseContext.getTestCaseStatus()): null]]></system-out>
         <system-err><![CDATA[2022-02-16 13:48:38 - [TEST_CASE][FAILED] - Test Cases/JV Test Case/臨場/臨場P1: Test Cases/JV Test Case/臨場/臨場P1 FAILED.
Reason:
com.kms.katalon.core.exception.StepFailedException: Call Test Case 'Test Cases/Common Test Cases/TaskInputDepend' failed
	at com.kms.katalon.core.keyword.builtin.CallTestCaseKeyword$_callTestCase_closure1.doCall(CallTestCaseKeyword.groovy:63)
	at com.kms.katalon.core.keyword.builtin.CallTestCaseKeyword$_callTestCase_closure1.call(CallTestCaseKeyword.groovy)
	at com.kms.katalon.core.keyword.internal.KeywordMain.runKeyword(KeywordMain.groovy:74)
	at com.kms.katalon.core.keyword.builtin.CallTestCaseKeyword.callTestCase(CallTestCaseKeyword.groovy:81)
	at com.kms.katalon.core.keyword.builtin.CallTestCaseKeyword.execute(CallTestCaseKeyword.groovy:44)
	at com.kms.katalon.core.keyword.internal.KeywordExecutor.executeKeywordForPlatform(KeywordExecutor.groovy:74)
	at com.kms.katalon.core.keyword.BuiltinKeywords.callTestCase(BuiltinKeywords.groovy:334)
	at com.jv.key.JvOpt.taskInputDepend(JvOpt.groovy:75)
	at com.jv.key.JvOpt$taskInputDepend$0.call(Unknown Source)
	at 臨場P1.run(臨場P1:42)
	at com.kms.katalon.core.main.ScriptEngine.run(ScriptEngine.java:194)
	at com.kms.katalon.core.main.ScriptEngine.runScriptAsRawText(ScriptEngine.java:119)
	at com.kms.katalon.core.main.TestCaseExecutor.runScript(TestCaseExecutor.java:442)
	at com.kms.katalon.core.main.TestCaseExecutor.doExecute(TestCaseExecutor.java:433)
	at com.kms.katalon.core.main.TestCaseExecutor.processExecutionPhase(TestCaseExecutor.java:412)
	at com.kms.katalon.core.main.TestCaseExecutor.accessMainPhase(TestCaseExecutor.java:404)
	at com.kms.katalon.core.main.TestCaseExecutor.execute(TestCaseExecutor.java:281)
	at com.kms.katalon.core.main.TestSuiteExecutor.accessTestCaseMainPhase(TestSuiteExecutor.java:202)
	at com.kms.katalon.core.main.TestSuiteExecutor.accessTestSuiteMainPhase(TestSuiteExecutor.java:164)
	at com.kms.katalon.core.main.TestSuiteExecutor.execute(TestSuiteExecutor.java:105)
	at com.kms.katalon.core.main.TestCaseMain.startTestSuite(TestCaseMain.java:185)
	at com.kms.katalon.core.main.TestCaseMain$startTestSuite$0.call(Unknown Source)
	at TempTestSuite1644986909815.run(TempTestSuite1644986909815.groovy:36)
Caused by: com.kms.katalon.core.exception.StepFailedException: Unable to click on object 'Object Repository/Page_MeetingLandDepend/calendar_hms/M_49'
	at com.kms.katalon.core.webui.keyword.internal.WebUIKeywordMain.stepFailed(WebUIKeywordMain.groovy:64)
	at com.kms.katalon.core.webui.keyword.internal.WebUIKeywordMain.runKeyword(WebUIKeywordMain.groovy:26)
	at com.kms.katalon.core.webui.keyword.builtin.EnhancedClickKeyword.click(EnhancedClickKeyword.groovy:94)
	at com.kms.katalon.core.webui.keyword.builtin.EnhancedClickKeyword.execute(EnhancedClickKeyword.groovy:42)
	at com.kms.katalon.core.keyword.internal.KeywordExecutor.executeKeywordForPlatform(KeywordExecutor.groovy:74)
	at com.kms.katalon.core.webui.keyword.WebUiBuiltInKeywords.enhancedClick(WebUiBuiltInKeywords.groovy:646)
	at com.jv.key.JvUtil.clickClickAbleAndVisibleElement(JvUtil.groovy:282)
	at com.jv.key.JvUtil$clickClickAbleAndVisibleElement$1.call(Unknown Source)
	at com.jv.key.JvOpt.ymdSet(JvOpt.groovy:212)
	at com.jv.key.JvOpt$ymdSet$5.call(Unknown Source)
	at TaskInputDepend.run(TaskInputDepend:69)
	at com.kms.katalon.core.main.ScriptEngine.run(ScriptEngine.java:194)
	at com.kms.katalon.core.main.ScriptEngine.runScriptAsRawText(ScriptEngine.java:119)
	at com.kms.katalon.core.main.TestCaseExecutor.runScript(TestCaseExecutor.java:442)
	at com.kms.katalon.core.main.TestCaseExecutor.doExecute(TestCaseExecutor.java:433)
	at com.kms.katalon.core.main.TestCaseExecutor.processExecutionPhase(TestCaseExecutor.java:412)
	at com.kms.katalon.core.main.TestCaseExecutor.accessMainPhase(TestCaseExecutor.java:404)
	at com.kms.katalon.core.main.TestCaseExecutor.execute(TestCaseExecutor.java:281)
	at com.kms.katalon.core.main.TestCaseMain.runTestCase(TestCaseMain.java:142)
	at com.kms.katalon.core.keyword.builtin.CallTestCaseKeyword$_callTestCase_closure1.doCall(CallTestCaseKeyword.groovy:59)
	... 22 more
[...]

2022-02-16 13:57:07 - [MESSAGE][WARNING] - A browser is already opened. Closing browser and opening a new one

2022-02-16 13:57:08 - [MESSAGE][INFO] - Starting 'Chrome (headless)' driver

2022-02-16 13:57:08 - [MESSAGE][INFO] - Action delay is set to 0 milliseconds

2022-02-16 13:57:12 - [MESSAGE][PASSED] - Browser is opened with url: 'https://apps.powerapps.com/play/b1044a94-3fb8-4b9c-9054-8cd00345c66f?tenantId=77f01359-2ed0-488e-99a7-34baddce1d0e'

2022-02-16 13:57:12 - [TEST_STEP][PASSED] - maximizeWindow(): Current window maximized

2022-02-16 13:57:12 - [MESSAGE][PASSED] - Current window maximized

2022-02-16 13:57:12 - [TEST_STEP][PASSED] - setText(findTestObject("AccountLogin/Page_/input__loginfmt"), Username): Text 'DEV01J01@c.bocb.jp' is set on object 'Object Repository/AccountLogin/Page_/input__loginfmt'

2022-02-16 13:57:14 - [MESSAGE][PASSED] - Text 'DEV01J01@c.bocb.jp' is set on object 'Object Repository/AccountLogin/Page_/input__loginfmt'

2022-02-16 13:57:14 - [TEST_STEP][PASSED] - click(findTestObject("AccountLogin/Page_/input__idSIButton9")): Object: 'Object Repository/AccountLogin/Page_/input__idSIButton9' is clicked on

2022-02-16 13:57:14 - [MESSAGE][PASSED] - Object: 'Object Repository/AccountLogin/Page_/input__idSIButton9' is clicked on

2022-02-16 13:57:14 - [TEST_STEP][PASSED] - click(findTestObject("AccountLogin/Page_- Online Service Gate/section_OSG")): Object: 'Object Repository/AccountLogin/Page_- Online Service Gate/section_OSG' is clicked on

2022-02-16 13:57:18 - [MESSAGE][PASSED] - Object: 'Object Repository/AccountLogin/Page_- Online Service Gate/section_OSG' is clicked on

2022-02-16 13:57:18 - [TEST_STEP][PASSED] - setText(findTestObject("AccountLogin/Page_- Online Service Gate/input__Upn"), Username): Text 'DEV01J01@c.bocb.jp' is set on object 'Object Repository/AccountLogin/Page_- Online Service Gate/input__Upn'

2022-02-16 13:57:19 - [MESSAGE][PASSED] - Text 'DEV01J01@c.bocb.jp' is set on object 'Object Repository/AccountLogin/Page_- Online Service Gate/input__Upn'

2022-02-16 13:57:19 - [TEST_STEP][PASSED] - click(findTestObject("AccountLogin/Page_- Online Service Gate/html_- Online Service Gate")): Object: 'Object Repository/AccountLogin/Page_- Online Service Gate/html_- Online Service Gate' is clicked on

2022-02-16 13:57:19 - [MESSAGE][PASSED] - Object: 'Object Repository/AccountLogin/Page_- Online Service Gate/html_- Online Service Gate' is clicked on

2022-02-16 13:57:19 - [TEST_STEP][PASSED] - setEncryptedText(findTestObject("AccountLogin/Page_- Online Service Gate/input__UpnPassword"), Password): Text ****** has been set on object 'Object Repository/AccountLogin/Page_- Online Service Gate/input__UpnPassword'

2022-02-16 13:57:19 - [MESSAGE][PASSED] - Text ****** has been set on object 'Object Repository/AccountLogin/Page_- Online Service Gate/input__UpnPassword'

2022-02-16 13:57:19 - [TEST_STEP][PASSED] - click(findTestObject("AccountLogin/Page_- Online Service Gate/input__mailSignIn")): Object: 'Object Repository/AccountLogin/Page_- Online Service Gate/input__mailSignIn' is clicked on

2022-02-16 13:57:21 - [MESSAGE][PASSED] - Object: 'Object Repository/AccountLogin/Page_- Online Service Gate/input__mailSignIn' is clicked on

2022-02-16 13:57:21 - [TEST_STEP][PASSED] - click(findTestObject("AccountLogin/Page_/input__DontShowAgain")): Object: 'Object Repository/AccountLogin/Page_/input__DontShowAgain' is clicked on

2022-02-16 13:57:21 - [MESSAGE][PASSED] - Object: 'Object Repository/AccountLogin/Page_/input__DontShowAgain' is clicked on

2022-02-16 13:57:21 - [TEST_STEP][PASSED] - click(findTestObject("AccountLogin/Page_/input__idSIButton9")): Object: 'Object Repository/AccountLogin/Page_/input__idSIButton9' is clicked on

2022-02-16 13:57:23 - [MESSAGE][PASSED] - Object: 'Object Repository/AccountLogin/Page_/input__idSIButton9' is clicked on

2022-02-16 13:57:23 - [MESSAGE][PASSED] - Call Test Case 'Test Cases/Common Test Cases/AccountLogin' successfully

2022-02-16 13:57:23 - [TEST_STEP][INCOMPLETE] - JvLOpt.taskInputDepend(C_臨場): null

2022-02-16 13:57:23 - [TEST_CASE][INCOMPLETE] - Test Cases/Common Test Cases/TaskInputDepend: null

2022-02-16 13:57:23 - [TEST_STEP][PASSED] - comment("議題登録依頼画面  起動"): 議題登録依頼画面  起動

2022-02-16 13:57:23 - [MESSAGE][INFO] - 議題登録依頼画面  起動

2022-02-16 13:57:23 - [TEST_STEP][PASSED] - sdata = JvUtil.getSData(): null

2022-02-16 13:57:23 - [TEST_STEP][PASSED] - binding = new groovy.lang.Binding(sdata): null

2022-02-16 13:57:23 - [TEST_STEP][PASSED] - GlobalVariable.putAt("sData", binding): null

2022-02-16 13:57:23 - [TEST_STEP][PASSED] - if (!(com.jv.key.JvDate.WebDriverCheck())): com.jv.key.JvDate.WebDriverCheck is PASSED

2022-02-16 13:57:23 - [MESSAGE][INFO] - WebDriverCheck

2022-02-16 13:57:23 - [MESSAGE][PASSED] - com.jv.key.JvDate.WebDriverCheck is PASSED

2022-02-16 13:57:23 - [TEST_STEP][PASSED] - JvUtil.clickElement("Page_Top/company01", C_可点击): 元素がクリックされました。

2022-02-16 13:57:28 - [MESSAGE][PASSED] - Object 'Object Repository/Page_Top/company01' is clickable

2022-02-16 13:57:28 - [MESSAGE][INFO] - 元素確認の結果　　Clickable　

2022-02-16 13:57:31 - [MESSAGE][PASSED] - Object: 'Object Repository/Page_Top/company01' is clicked on

2022-02-16 13:57:32 - [MESSAGE][INFO] - 元素がクリックされました。

2022-02-16 13:57:32 - [TEST_STEP][PASSED] - comment("議題登録依頼画面へ遷移"): 議題登録依頼画面へ遷移

2022-02-16 13:57:32 - [MESSAGE][INFO] - 議題登録依頼画面へ遷移

2022-02-16 13:57:32 - [TEST_STEP][PASSED] - JvOpt.pageForward(C_議題登録依頼): 元素がクリックされました。

2022-02-16 13:57:34 - [MESSAGE][PASSED] - Object 'Object Repository/Page_MeetingList/btn_MeetingLandDepend' is visible

2022-02-16 13:57:34 - [MESSAGE][PASSED] - Object 'Object Repository/Page_MeetingList/btn_MeetingLandDepend' is clickable

2022-02-16 13:57:34 - [MESSAGE][INFO] - 元素確認の結果　　Visibled　　Clickable　

2022-02-16 13:57:36 - [MESSAGE][PASSED] - Object: 'Object Repository/Page_MeetingList/btn_MeetingLandDepend' is clicked on

2022-02-16 13:57:36 - [MESSAGE][INFO] - 元素がクリックされました。

2022-02-16 13:57:36 - [TEST_STEP][PASSED] - meetname = "": null

2022-02-16 13:57:36 - [TEST_STEP][INCOMPLETE] - switch (MeetType): null

2022-02-16 13:57:36 - [TEST_STEP][INCOMPLETE] - case "1":: null

2022-02-16 13:57:36 - [TEST_STEP][PASSED] - JvOpt.setMeetType(C_臨場): Object: 'Object Repository/Page_MeetingLandDepend/C_MeetType/MeetType_1' is clicked on

2022-02-16 13:57:39 - [MESSAGE][PASSED] - Object: 'Object Repository/Page_MeetingLandDepend/C_MeetType/MeetType' is clicked on

2022-02-16 13:57:39 - [MESSAGE][PASSED] - Object: 'Object Repository/Page_MeetingLandDepend/C_MeetType/MeetType_1' is clicked on

2022-02-16 13:57:40 - [TEST_STEP][PASSED] - JvOpt.getYmd(C_臨場): null

2022-02-16 13:57:40 - [TEST_STEP][PASSED] - JvOpt.setMeetName(G_MeetName): Text '臨場_20220216135740' is set on object 'Object Repository/Page_MeetingLandDepend/L_Present_meeting/L_input_depend_meeting_name'

2022-02-16 13:57:40 - [MESSAGE][INFO] - MeetName 臨場_20220216135740

2022-02-16 13:57:40 - [MESSAGE][PASSED] - Text '臨場_20220216135740' is set on object 'Object Repository/Page_MeetingLandDepend/L_Present_meeting/L_input_depend_meeting_name'

2022-02-16 13:57:40 - [TEST_STEP][INCOMPLETE] - JvOpt.ymdSet(C_開催日時From): JVError 元素のobjectId Object Repository/Page_MeetingLandDepend/calendar_hms/M_57

2022-02-16 13:57:40 - [MESSAGE][INFO] - 開催日時From>> 月 3

2022-02-16 13:57:40 - [MESSAGE][INFO] - 開催日時From>> 日 18

2022-02-16 13:57:40 - [MESSAGE][INFO] - 開催日時From>> 時 13

2022-02-16 13:57:40 - [MESSAGE][INFO] - 開催日時From>> 分 57

2022-02-16 13:57:41 - [MESSAGE][PASSED] - Object 'Object Repository/Page_MeetingLandDepend/L_Present_meeting/L_input_meet_start_from' is visible

2022-02-16 13:57:41 - [MESSAGE][PASSED] - Object 'Object Repository/Page_MeetingLandDepend/L_Present_meeting/L_input_meet_start_from' is clickable

2022-02-16 13:57:41 - [MESSAGE][INFO] - 元素確認の結果　　Visibled　　Clickable　

2022-02-16 13:57:41 - [MESSAGE][PASSED] - Object: 'Object Repository/Page_MeetingLandDepend/L_Present_meeting/L_input_meet_start_from' is clicked on

2022-02-16 13:57:41 - [MESSAGE][INFO] - 元素がクリックされました。

2022-02-16 13:57:42 - [MESSAGE][PASSED] - Object 'Object Repository/Page_MeetingLandDepend/calendar_ymd/cal_18' is visible

2022-02-16 13:57:42 - [MESSAGE][PASSED] - Object 'Object Repository/Page_MeetingLandDepend/calendar_ymd/cal_18' is clickable

2022-02-16 13:57:42 - [MESSAGE][INFO] - 元素確認の結果　　Visibled　　Clickable　

2022-02-16 13:57:42 - [MESSAGE][PASSED] - Object: 'Object Repository/Page_MeetingLandDepend/calendar_ymd/cal_18' is clicked on

2022-02-16 13:57:42 - [MESSAGE][INFO] - 元素がクリックされました。

2022-02-16 13:57:42 - [MESSAGE][PASSED] - Object 'Object Repository/Page_MeetingLandDepend/calendar_meet_start_from/button_OK' is visible

2022-02-16 13:57:43 - [MESSAGE][PASSED] - Object 'Object Repository/Page_MeetingLandDepend/calendar_meet_start_from/button_OK' is clickable

2022-02-16 13:57:43 - [MESSAGE][INFO] - 元素確認の結果　　Visibled　　Clickable　

2022-02-16 13:57:43 - [MESSAGE][PASSED] - Object: 'Object Repository/Page_MeetingLandDepend/calendar_meet_start_from/button_OK' is clicked on

2022-02-16 13:57:43 - [MESSAGE][INFO] - 元素がクリックされました。

2022-02-16 13:57:44 - [MESSAGE][PASSED] - Object 'Object Repository/Page_MeetingLandDepend/L_Present_meeting/L_dropdown_meet_statr_from_hort' is visible

2022-02-16 13:57:44 - [MESSAGE][PASSED] - Object 'Object Repository/Page_MeetingLandDepend/L_Present_meeting/L_dropdown_meet_statr_from_hort' is clickable

2022-02-16 13:57:44 - [MESSAGE][INFO] - 元素確認の結果　　Visibled　　Clickable　

2022-02-16 13:57:44 - [MESSAGE][PASSED] - Object: 'Object Repository/Page_MeetingLandDepend/L_Present_meeting/L_dropdown_meet_statr_from_hort' is clicked on

2022-02-16 13:57:44 - [MESSAGE][INFO] - 元素がクリックされました。

2022-02-16 13:57:45 - [MESSAGE][PASSED] - Object 'Object Repository/Page_MeetingLandDepend/calendar_hms/H_13' is visible

2022-02-16 13:57:45 - [MESSAGE][PASSED] - Object 'Object Repository/Page_MeetingLandDepend/calendar_hms/H_13' is clickable

2022-02-16 13:57:45 - [MESSAGE][INFO] - 元素確認の結果　　Visibled　　Clickable　

2022-02-16 13:57:45 - [MESSAGE][PASSED] - Object: 'Object Repository/Page_MeetingLandDepend/calendar_hms/H_13' is clicked on

2022-02-16 13:57:45 - [MESSAGE][INFO] - 元素がクリックされました。

2022-02-16 13:57:46 - [MESSAGE][PASSED] - Object 'Object Repository/Page_MeetingLandDepend/L_Present_meeting/L_dropdown_meet_statr_from_minute' is visible

2022-02-16 13:57:46 - [MESSAGE][PASSED] - Object 'Object Repository/Page_MeetingLandDepend/L_Present_meeting/L_dropdown_meet_statr_from_minute' is clickable

2022-02-16 13:57:46 - [MESSAGE][INFO] - 元素確認の結果　　Visibled　　Clickable　

2022-02-16 13:57:46 - [MESSAGE][PASSED] - Object: 'Object Repository/Page_MeetingLandDepend/L_Present_meeting/L_dropdown_meet_statr_from_minute' is clicked on

2022-02-16 13:57:46 - [MESSAGE][INFO] - 元素がクリックされました。

2022-02-16 13:58:17 - [MESSAGE][INFO] - Unable to find the element located by 'By.xpath: //div[@data-drop-id="${G_TimeNum}"]/*/div[@role="listbox"]//div[text()="57"]'. Please recheck the objects properties to make sure the desired element is located. 

2022-02-16 13:58:17 - [MESSAGE][WARNING] - Web element with id: 'Object Repository/Page_MeetingLandDepend/calendar_hms/M_57' located by '//div[@data-drop-id="${G_TimeNum}"]/*/div[@role="listbox"]//div[text()="57"]' not found

2022-02-16 13:58:49 - [MESSAGE][INFO] - Unable to find the element located by 'By.xpath: //div[@data-drop-id="${G_TimeNum}"]/*/div[@role="listbox"]//div[text()="57"]'. Please recheck the objects properties to make sure the desired element is located. 

2022-02-16 13:58:49 - [MESSAGE][WARNING] - Web element with id: 'Object Repository/Page_MeetingLandDepend/calendar_hms/M_57' located by '//div[@data-drop-id="${G_TimeNum}"]/*/div[@role="listbox"]//div[text()="57"]' not found

2022-02-16 13:58:49 - [MESSAGE][INFO] - 元素確認の結果　

2022-02-16 13:59:20 - [MESSAGE][INFO] - Unable to find the element located by 'By.xpath: //div[@data-drop-id="${G_TimeNum}"]/*/div[@role="listbox"]//div[text()="57"]'. Please recheck the objects properties to make sure the desired element is located. 

2022-02-16 13:59:20 - [MESSAGE][FAILED] - Unable to click on object 'Object Repository/Page_MeetingLandDepend/calendar_hms/M_57' (Root cause: com.kms.katalon.core.exception.StepFailedException: Unable to click on object 'Object Repository/Page_MeetingLandDepend/calendar_hms/M_57'
	at com.kms.katalon.core.webui.keyword.internal.WebUIKeywordMain.stepFailed(WebUIKeywordMain.groovy:64)
	at com.kms.katalon.core.webui.keyword.internal.WebUIKeywordMain.runKeyword(WebUIKeywordMain.groovy:26)
	at com.kms.katalon.core.webui.keyword.builtin.ClickKeyword.click(ClickKeyword.groovy:74)
	at com.kms.katalon.core.webui.keyword.builtin.ClickKeyword.execute(ClickKeyword.groovy:40)
	at com.kms.katalon.core.keyword.internal.KeywordExecutor.executeKeywordForPlatform(KeywordExecutor.groovy:74)
	at com.kms.katalon.core.webui.keyword.WebUiBuiltInKeywords.click(WebUiBuiltInKeywords.groovy:620)
	at com.jv.key.JvUtil.clickClickAbleAndVisibleElement(JvUtil.groovy:275)
	at com.jv.key.JvUtil$clickClickAbleAndVisibleElement$1.call(Unknown Source)
	at com.jv.key.JvOpt.ymdSet(JvOpt.groovy:212)
	at com.jv.key.JvOpt$ymdSet$5.call(Unknown Source)
	at TaskInputDepend.run(TaskInputDepend:69)
	at com.kms.katalon.core.main.ScriptEngine.run(ScriptEngine.java:194)
	at com.kms.katalon.core.main.ScriptEngine.runScriptAsRawText(ScriptEngine.java:119)
	at com.kms.katalon.core.main.TestCaseExecutor.runScript(TestCaseExecutor.java:442)
	at com.kms.katalon.core.main.TestCaseExecutor.doExecute(TestCaseExecutor.java:433)
	at com.kms.katalon.core.main.TestCaseExecutor.processExecutionPhase(TestCaseExecutor.java:412)
	at com.kms.katalon.core.main.TestCaseExecutor.accessMainPhase(TestCaseExecutor.java:404)
	at com.kms.katalon.core.main.TestCaseExecutor.execute(TestCaseExecutor.java:281)
	at com.kms.katalon.core.main.TestCaseMain.runTestCase(TestCaseMain.java:142)
	at com.kms.katalon.core.keyword.builtin.CallTestCaseKeyword$_callTestCase_closure1.doCall(CallTestCaseKeyword.groovy:59)
	at com.kms.katalon.core.keyword.builtin.CallTestCaseKeyword$_callTestCase_closure1.call(CallTestCaseKeyword.groovy)
	at com.kms.katalon.core.keyword.internal.KeywordMain.runKeyword(KeywordMain.groovy:74)
	at com.kms.katalon.core.keyword.builtin.CallTestCaseKeyword.callTestCase(CallTestCaseKeyword.groovy:81)
	at com.kms.katalon.core.keyword.builtin.CallTestCaseKeyword.execute(CallTestCaseKeyword.groovy:44)
	at com.kms.katalon.core.keyword.internal.KeywordExecutor.executeKeywordForPlatform(KeywordExecutor.groovy:74)
	at com.kms.katalon.core.keyword.BuiltinKeywords.callTestCase(BuiltinKeywords.groovy:334)
	at com.jv.key.JvOpt.taskInputDepend(JvOpt.groovy:75)
	at com.jv.key.JvOpt$taskInputDepend$0.call(Unknown Source)
	at com.jv.key.JvLOpt.taskInputDepend(JvLOpt.groovy:54)
	at com.jv.key.JvLOpt$taskInputDepend$0.call(Unknown Source)
	at 臨場P4.run(臨場P4:42)
	at com.kms.katalon.core.main.ScriptEngine.run(ScriptEngine.java:194)
	at com.kms.katalon.core.main.ScriptEngine.runScriptAsRawText(ScriptEngine.java:119)
	at com.kms.katalon.core.main.TestCaseExecutor.runScript(TestCaseExecutor.java:442)
	at com.kms.katalon.core.main.TestCaseExecutor.doExecute(TestCaseExecutor.java:433)
	at com.kms.katalon.core.main.TestCaseExecutor.processExecutionPhase(TestCaseExecutor.java:412)
	at com.kms.katalon.core.main.TestCaseExecutor.accessMainPhase(TestCaseExecutor.java:404)
	at com.kms.katalon.core.main.TestCaseExecutor.execute(TestCaseExecutor.java:281)
	at com.kms.katalon.core.main.TestSuiteExecutor.accessTestCaseMainPhase(TestSuiteExecutor.java:202)
	at com.kms.katalon.core.main.TestSuiteExecutor.accessTestSuiteMainPhase(TestSuiteExecutor.java:164)
	at com.kms.katalon.core.main.TestSuiteExecutor.execute(TestSuiteExecutor.java:105)
	at com.kms.katalon.core.main.TestCaseMain.startTestSuite(TestCaseMain.java:185)
	at com.kms.katalon.core.main.TestCaseMain$startTestSuite$0.call(Unknown Source)
	at TempTestSuite1644986909815.run(TempTestSuite1644986909815.groovy:36)
Caused by: com.kms.katalon.core.webui.exception.WebElementNotFoundException: Web element with id: 'Object Repository/Page_MeetingLandDepend/calendar_hms/M_57' located by '//div[@data-drop-id="${G_TimeNum}"]/*/div[@role="listbox"]//div[text()="57"]' not found
	at com.kms.katalon.core.webui.common.WebUiCommonHelper.findWebElement(WebUiCommonHelper.java:1370)
	at com.kms.katalon.core.webui.keyword.internal.WebUIAbstractKeyword.findWebElement(WebUIAbstractKeyword.groovy:27)
	at com.kms.katalon.core.webui.keyword.builtin.ClickKeyword$_click_closure1.doCall(ClickKeyword.groovy:65)
	at com.kms.katalon.core.webui.keyword.builtin.ClickKeyword$_click_closure1.call(ClickKeyword.groovy)
	at com.kms.katalon.core.webui.keyword.internal.WebUIKeywordMain.runKeyword(WebUIKeywordMain.groovy:20)
	at com.kms.katalon.core.webui.keyword.builtin.ClickKeyword.click(ClickKeyword.groovy:74)
	at com.kms.katalon.core.webui.keyword.builtin.ClickKeyword.execute(ClickKeyword.groovy:40)
	at com.kms.katalon.core.keyword.internal.KeywordExecutor.executeKeywordForPlatform(KeywordExecutor.groovy:74)
	at com.kms.katalon.core.webui.keyword.WebUiBuiltInKeywords.click(WebUiBuiltInKeywords.groovy:620)
	at com.jv.key.JvUtil.clickClickAbleAndVisibleElement(JvUtil.groovy:275)
	at com.jv.key.JvUtil$clickClickAbleAndVisibleElement$1.call(Unknown Source)
	at com.jv.key.JvOpt.ymdSet(JvOpt.groovy:212)
	at com.jv.key.JvOpt$ymdSet$5.call(Unknown Source)
	at Script1640147865029.run(Script1640147865029.groovy:69)
	at com.kms.katalon.core.main.ScriptEngine.run(ScriptEngine.java:194)
	at com.kms.katalon.core.main.ScriptEngine.runScriptAsRawText(ScriptEngine.java:119)
	at com.kms.katalon.core.main.TestCaseExecutor.runScript(TestCaseExecutor.java:442)
	at com.kms.katalon.core.main.TestCaseExecutor.doExecute(TestCaseExecutor.java:433)
	at com.kms.katalon.core.main.TestCaseExecutor.processExecutionPhase(TestCaseExecutor.java:412)
	at com.kms.katalon.core.main.TestCaseExecutor.accessMainPhase(TestCaseExecutor.java:404)
	at com.kms.katalon.core.main.TestCaseExecutor.execute(TestCaseExecutor.java:281)
	at com.kms.katalon.core.main.TestCaseMain.runTestCase(TestCaseMain.java:142)
	at com.kms.katalon.core.keyword.builtin.CallTestCaseKeyword$_callTestCase_closure1.doCall(CallTestCaseKeyword.groovy:59)
	at com.kms.katalon.core.keyword.builtin.CallTestCaseKeyword$_callTestCase_closure1.call(CallTestCaseKeyword.groovy)
	at com.kms.katalon.core.keyword.internal.KeywordMain.runKeyword(KeywordMain.groovy:74)
	at com.kms.katalon.core.keyword.builtin.CallTestCaseKeyword.callTestCase(CallTestCaseKeyword.groovy:81)
	at com.kms.katalon.core.keyword.builtin.CallTestCaseKeyword.execute(CallTestCaseKeyword.groovy:44)
	at com.kms.katalon.core.keyword.internal.KeywordExecutor.executeKeywordForPlatform(KeywordExecutor.groovy:74)
	at com.kms.katalon.core.keyword.BuiltinKeywords.callTestCase(BuiltinKeywords.groovy:334)
	at com.jv.key.JvOpt.taskInputDepend(JvOpt.groovy:75)
	at com.jv.key.JvOpt$taskInputDepend$0.call(Unknown Source)
	at com.jv.key.JvLOpt.taskInputDepend(JvLOpt.groovy:54)
	at com.jv.key.JvLOpt$taskInputDepend$0.call(Unknown Source)
	at Script1643249814587.run(Script1643249814587.groovy:42)
	... 13 more
)
[[ATTACHMENT|C:\\Users\\jiangp01\\Katalon Studio\\HouteiKaigi\\Reports\\20220216_134829\\\u6CD5\u5B9A\u4F1A\u8B70_\u81E8\u5834\\20220216_134829\\1644987560137.png]]

2022-02-16 13:59:20 - [MESSAGE][INFO] - JVError 元素のobjectId Object Repository/Page_MeetingLandDepend/calendar_hms/M_57]]></system-out>
         <system-err><![CDATA[2022-02-16 13:57:06 - [TEST_CASE][INCOMPLETE] - Test Cases/JV Test Case/臨場/臨場P4: null]]></system-err>
      </testcase>
      <system-out><![CDATA[2022-02-16 13:48:38 - [TEST_SUITE][INCOMPLETE] - 法定会議_臨場: null]]></system-out>
      <system-err><![CDATA[2022-02-16 13:48:38 - [TEST_SUITE][INCOMPLETE] - 法定会議_臨場: null]]></system-err>
   </testsuite>
</testsuites>
